Generating author lists for authors with start dates before 2015 3 18 dateSafe (2015, 3, 18, 0, 0, 0)
start: 38761.0 (2006, 2, 13, 0, 0, 0) safe: (2015, 3, 18, 0, 0, 0) end: 0000-00-00 None status 
Bishai Mary  (2015, 3, 18, 0, 0, 0) (2006, 2, 13, 0, 0, 0) True
start: 38761.0 (2006, 2, 13, 0, 0, 0) safe: (2015, 3, 18, 0, 0, 0) end: 0000-00-00 None status former
Cherwinka Jeff former (2015, 3, 18, 0, 0, 0) (2006, 2, 13, 0, 0, 0) True
start: 42005.0 (2015, 1, 1, 0, 0, 0) safe: (2015, 3, 18, 0, 0, 0) end: 0000-00-00 None status former
Chukanov Artem former (2015, 3, 18, 0, 0, 0) (2015, 1, 1, 0, 0, 0) True
NO PUBLICATION NAME FOR FamilyName Chukanov GivenName Artem of BNL . Edit ../list_with_pubnames.xls to add this name
start: 38761.0 (2006, 2, 13, 0, 0, 0) safe: (2015, 3, 18, 0, 0, 0) end: 0000-00-00 None status 
Diwan Milind  (2015, 3, 18, 0, 0, 0) (2006, 2, 13, 0, 0, 0) True
start: 38761.0 (2006, 2, 13, 0, 0, 0) safe: (2015, 3, 18, 0, 0, 0) end: 0000-00-00 None status former
Frank Jim former (2015, 3, 18, 0, 0, 0) (2006, 2, 13, 0, 0, 0) False
Frank Jim former dateSafe (2015, 3, 18, 0, 0, 0) REJECTED by status and/or date
start: 39326.0 (2007, 9, 1, 0, 0, 0) safe: (2015, 3, 18, 0, 0, 0) end: 0000-00-00 None status former
Fu Zaiwei former (2015, 3, 18, 0, 0, 0) (2007, 9, 1, 0, 0, 0) False
Fu Zaiwei former dateSafe (2015, 3, 18, 0, 0, 0) REJECTED by status and/or date
start: 40234.0 (2010, 2, 25, 0, 0, 0) safe: (2015, 3, 18, 0, 0, 0) end: 0000-00-00 None status 
Gill Ron  (2015, 3, 18, 0, 0, 0) (2010, 2, 25, 0, 0, 0) True
start: 38761.0 (2006, 2, 13, 0, 0, 0) safe: (2015, 3, 18, 0, 0, 0) end: 0000-00-00 None status l2
Hackenburg Robert L2 (2015, 3, 18, 0, 0, 0) (2006, 2, 13, 0, 0, 0) True
start: 39821.0 (2009, 1, 8, 0, 0, 0) safe: (2015, 3, 18, 0, 0, 0) end: 0000-00-00 None status 
Hans Sunej  (2015, 3, 18, 0, 0, 0) (2009, 1, 8, 0, 0, 0) True
start: 39448.0 (2008, 1, 1, 0, 0, 0) safe: (2015, 3, 18, 0, 0, 0) end: 0000-00-00 None status former
Huang hanxiong former (2015, 3, 18, 0, 0, 0) (2008, 1, 1, 0, 0, 0) False
Huang hanxiong former dateSafe (2015, 3, 18, 0, 0, 0) REJECTED by status and/or date
start: 40787.0 (2011, 9, 1, 0, 0, 0) safe: (2015, 3, 18, 0, 0, 0) end: 0000-00-00 None status former
Hussain Ghulam former (2015, 3, 18, 0, 0, 0) (2011, 9, 1, 0, 0, 0) False
Hussain Ghulam former dateSafe (2015, 3, 18, 0, 0, 0) REJECTED by status and/or date
start: 38761.0 (2006, 2, 13, 0, 0, 0) safe: (2015, 3, 18, 0, 0, 0) end: 0000-00-00 None status ib,l3
Jaffe David IB,L3 (2015, 3, 18, 0, 0, 0) (2006, 2, 13, 0, 0, 0) True
start: 41855.0 (2014, 8, 4, 0, 0, 0) safe: (2015, 3, 18, 0, 0, 0) end: 42265.0 (2019, 9, 19, 0, 0, 0) status former
Joshi Jyoti former (2015, 3, 18, 0, 0, 0) (2014, 8, 4, 0, 0, 0) True
start: 38761.0 (2006, 2, 13, 0, 0, 0) safe: (2015, 3, 18, 0, 0, 0) end: 0000-00-00 None status l1
Kettell Steve L1 (2015, 3, 18, 0, 0, 0) (2006, 2, 13, 0, 0, 0) True
start: 38761.0 (2006, 2, 13, 0, 0, 0) safe: (2015, 3, 18, 0, 0, 0) end: 0000-00-00 None status former
Li Kelvin former (2015, 3, 18, 0, 0, 0) (2006, 2, 13, 0, 0, 0) False
Li Kelvin former dateSafe (2015, 3, 18, 0, 0, 0) REJECTED by status and/or date
start: 40391.0 (2010, 8, 1, 0, 0, 0) safe: (2015, 3, 18, 0, 0, 0) end: 0000-00-00 None status former
Ling Jiajie former (2015, 3, 18, 0, 0, 0) (2010, 8, 1, 0, 0, 0) True
start: 38761.0 (2006, 2, 13, 0, 0, 0) safe: (2015, 3, 18, 0, 0, 0) end: 0000-00-00 None status l2
Littenberg Laurence L2 (2015, 3, 18, 0, 0, 0) (2006, 2, 13, 0, 0, 0) True
start: 41869.0 (2014, 8, 18, 0, 0, 0) safe: (2015, 3, 18, 0, 0, 0) end: 42265.0 (2019, 9, 19, 0, 0, 0) status former
Mooney Michael former (2015, 3, 18, 0, 0, 0) (2014, 8, 18, 0, 0, 0) True
start: 41400.0 (2013, 5, 6, 0, 0, 0) safe: (2015, 3, 18, 0, 0, 0) end: 0000-00-00 None status 
Qian Xin  (2015, 3, 18, 0, 0, 0) (2013, 5, 6, 0, 0, 0) True
start: 40087.0 (2009, 10, 1, 0, 0, 0) safe: (2015, 3, 18, 0, 0, 0) end: 0000-00-00 None status 
Rosero Richard  (2015, 3, 18, 0, 0, 0) (2009, 10, 1, 0, 0, 0) True
start: 41680.0 (2014, 2, 10, 0, 0, 0) safe: (2015, 3, 18, 0, 0, 0) end: 0000-00-00 None status 
Tang Wei  (2015, 3, 18, 0, 0, 0) (2014, 2, 10, 0, 0, 0) True
start: 38761.0 (2006, 2, 13, 0, 0, 0) safe: (2015, 3, 18, 0, 0, 0) end: 0000-00-00 None status 
Viren Brett  (2015, 3, 18, 0, 0, 0) (2006, 2, 13, 0, 0, 0) True
start: 40826.0 (2011, 10, 10, 0, 0, 0) safe: (2015, 3, 18, 0, 0, 0) end: 0000-00-00 None status 
Worcester Elizabeth  (2015, 3, 18, 0, 0, 0) (2011, 10, 10, 0, 0, 0) True
start: 38761.0 (2006, 2, 13, 0, 0, 0) safe: (2015, 3, 18, 0, 0, 0) end: 0000-00-00 None status l3
Yeh Minfang L3 (2015, 3, 18, 0, 0, 0) (2006, 2, 13, 0, 0, 0) True
start: 40725.0 (2011, 7, 1, 0, 0, 0) safe: (2015, 3, 18, 0, 0, 0) end: 0000-00-00 None status 
Zhang Chao  (2015, 3, 18, 0, 0, 0) (2011, 7, 1, 0, 0, 0) True
start: 38761.0 (2006, 2, 13, 0, 0, 0) safe: (2015, 3, 18, 0, 0, 0) end: 0000-00-00 None status former
Zhang Hongshan Kevin former (2015, 3, 18, 0, 0, 0) (2006, 2, 13, 0, 0, 0) False
Zhang Hongshan Kevin former dateSafe (2015, 3, 18, 0, 0, 0) REJECTED by status and/or date
start: 38761.0 (2006, 2, 13, 0, 0, 0) safe: (2015, 3, 18, 0, 0, 0) end: 0000-00-00 None status ib
Guo Xinheng IB (2015, 3, 18, 0, 0, 0) (2006, 2, 13, 0, 0, 0) True
start: 38761.0 (2006, 2, 13, 0, 0, 0) safe: (2015, 3, 18, 0, 0, 0) end: 0000-00-00 None status 
Wang Naiyan  (2015, 3, 18, 0, 0, 0) (2006, 2, 13, 0, 0, 0) True
start: 40422.0 (2010, 9, 1, 0, 0, 0) safe: (2015, 3, 18, 0, 0, 0) end: 42170.0 (2019, 6, 16, 0, 0, 0) status former
Xu Jing former (2015, 3, 18, 0, 0, 0) (2010, 9, 1, 0, 0, 0) True
start: 39644.0 (2008, 7, 15, 0, 0, 0) safe: (2015, 3, 18, 0, 0, 0) end: 0000-00-00 None status former
Boddy Kimberly former (2015, 3, 18, 0, 0, 0) (2008, 7, 15, 0, 0, 0) False
Boddy Kimberly former dateSafe (2015, 3, 18, 0, 0, 0) REJECTED by status and/or date
start: 39995.0 (2009, 7, 1, 0, 0, 0) safe: (2015, 3, 18, 0, 0, 0) end: 0000-00-00 None status former
Cai Bei former (2015, 3, 18, 0, 0, 0) (2009, 7, 1, 0, 0, 0) False
Cai Bei former dateSafe (2015, 3, 18, 0, 0, 0) REJECTED by status and/or date
start: 38761.0 (2006, 2, 13, 0, 0, 0) safe: (2015, 3, 18, 0, 0, 0) end: 0000-00-00 None status former
Mauger Christopher former (2015, 3, 18, 0, 0, 0) (2006, 2, 13, 0, 0, 0) False
Mauger Christopher former dateSafe (2015, 3, 18, 0, 0, 0) REJECTED by status and/or date
start: 38761.0 (2006, 2, 13, 0, 0, 0) safe: (2015, 3, 18, 0, 0, 0) end: 0000-00-00 None status former
McKeown Robert D. former (2015, 3, 18, 0, 0, 0) (2006, 2, 13, 0, 0, 0) True
start: 38761.0 (2006, 2, 13, 0, 0, 0) safe: (2015, 3, 18, 0, 0, 0) end: 0000-00-00 None status former
Tsang Raymond Hei-Man former (2015, 3, 18, 0, 0, 0) (2006, 2, 13, 0, 0, 0) False
Tsang Raymond Hei-Man former dateSafe (2015, 3, 18, 0, 0, 0) REJECTED by status and/or date
start: 38761.0 (2006, 2, 13, 0, 0, 0) safe: (2015, 3, 18, 0, 0, 0) end: 0000-00-00 None status 
Sun Jiliang  (2015, 3, 18, 0, 0, 0) (2006, 2, 13, 0, 0, 0) True
start: 38761.0 (2006, 2, 13, 0, 0, 0) safe: (2015, 3, 18, 0, 0, 0) end: 0000-00-00 None status 
Zhang Yixin  (2015, 3, 18, 0, 0, 0) (2006, 2, 13, 0, 0, 0) True
start: 38761.0 (2006, 2, 13, 0, 0, 0) safe: (2015, 3, 18, 0, 0, 0) end: 0000-00-00 None status ib
Leitner Rupert IB (2015, 3, 18, 0, 0, 0) (2006, 2, 13, 0, 0, 0) True
start: 38761.0 (2006, 2, 13, 0, 0, 0) safe: (2015, 3, 18, 0, 0, 0) end: 0000-00-00 None status 
Pec Viktor  (2015, 3, 18, 0, 0, 0) (2006, 2, 13, 0, 0, 0) True
start: 39814.0 (2009, 1, 1, 0, 0, 0) safe: (2015, 3, 18, 0, 0, 0) end: 0000-00-00 None status 
Roskovec Bedrich  (2015, 3, 18, 0, 0, 0) (2009, 1, 1, 0, 0, 0) True
start: 38761.0 (2006, 2, 13, 0, 0, 0) safe: (2015, 3, 18, 0, 0, 0) end: 0000-00-00 None status 
Vorobel Vit  (2015, 3, 18, 0, 0, 0) (2006, 2, 13, 0, 0, 0) True
start: 39448.0 (2008, 1, 1, 0, 0, 0) safe: (2015, 3, 18, 0, 0, 0) end: 0000-00-00 None status 
Huang Hanxiong  (2015, 3, 18, 0, 0, 0) (2008, 1, 1, 0, 0, 0) True
start: 40787.0 (2011, 9, 1, 0, 0, 0) safe: (2015, 3, 18, 0, 0, 0) end: 0000-00-00 None status 
REN Jie  (2015, 3, 18, 0, 0, 0) (2011, 9, 1, 0, 0, 0) True
start: 38761.0 (2006, 2, 13, 0, 0, 0) safe: (2015, 3, 18, 0, 0, 0) end: 0000-00-00 None status ib
Ruan Xichao IB (2015, 3, 18, 0, 0, 0) (2006, 2, 13, 0, 0, 0) True
start: 38761.0 (2006, 2, 13, 0, 0, 0) safe: (2015, 3, 18, 0, 0, 0) end: 0000-00-00 None status former
Xin Biao former (2015, 3, 18, 0, 0, 0) (2006, 2, 13, 0, 0, 0) False
Xin Biao former dateSafe (2015, 3, 18, 0, 0, 0) REJECTED by status and/or date
start: 38761.0 (2006, 2, 13, 0, 0, 0) safe: (2015, 3, 18, 0, 0, 0) end: 0000-00-00 None status former
Zhou Zuying former (2015, 3, 18, 0, 0, 0) (2006, 2, 13, 0, 0, 0) False
Zhou Zuying former dateSafe (2015, 3, 18, 0, 0, 0) REJECTED by status and/or date
start: 38761.0 (2006, 2, 13, 0, 0, 0) safe: (2015, 3, 18, 0, 0, 0) end: 0000-00-00 None status ib
Xia Dongmei IB (2015, 3, 18, 0, 0, 0) (2006, 2, 13, 0, 0, 0) True
start: 42036.0 (2015, 2, 1, 0, 0, 0) safe: (2015, 3, 18, 0, 0, 0) end: 0000-00-00 None status 
Malyshkin Yury  (2015, 3, 18, 0, 0, 0) (2015, 2, 1, 0, 0, 0) True
NO PUBLICATION NAME FOR FamilyName Malyshkin GivenName Yury of CUC . Edit ../list_with_pubnames.xls to add this name
start: 38761.0 (2006, 2, 13, 0, 0, 0) safe: (2015, 3, 18, 0, 0, 0) end: 0000-00-00 None status ib
Ochoa Pedro IB (2015, 3, 18, 0, 0, 0) (2006, 2, 13, 0, 0, 0) True
start: 41593.0 (2013, 11, 15, 0, 0, 0) safe: (2015, 3, 18, 0, 0, 0) end: 0000-00-00 None status 
Viaux Maira Nicolas  (2015, 3, 18, 0, 0, 0) (2013, 11, 15, 0, 0, 0) True
start: 41153.0 (2012, 9, 1, 0, 0, 0) safe: (2015, 3, 18, 0, 0, 0) end: 0000-00-00 None status 
Chan Yat Long  (2015, 3, 18, 0, 0, 0) (2012, 9, 1, 0, 0, 0) True
start: 38761.0 (2006, 2, 13, 0, 0, 0) safe: (2015, 3, 18, 0, 0, 0) end: 0000-00-00 None status ib
Chu Ming-Chung IB (2015, 3, 18, 0, 0, 0) (2006, 2, 13, 0, 0, 0) True
start: 38761.0 (2006, 2, 13, 0, 0, 0) safe: (2015, 3, 18, 0, 0, 0) end: 0000-00-00 None status former
Hor Joseph Yuen-Keung former (2015, 3, 18, 0, 0, 0) (2006, 2, 13, 0, 0, 0) False
Hor Joseph Yuen-Keung former dateSafe (2015, 3, 18, 0, 0, 0) REJECTED by status and/or date
start: 38761.0 (2006, 2, 13, 0, 0, 0) safe: (2015, 3, 18, 0, 0, 0) end: 0000-00-00 None status 
Kwan Kin-Keung  (2015, 3, 18, 0, 0, 0) (2006, 2, 13, 0, 0, 0) True
start: 39692.0 (2008, 9, 1, 0, 0, 0) safe: (2015, 3, 18, 0, 0, 0) end: 0000-00-00 None status 
Kwok Man-wai Raymond  (2015, 3, 18, 0, 0, 0) (2008, 9, 1, 0, 0, 0) True
start: 39661.0 (2008, 8, 1, 0, 0, 0) safe: (2015, 3, 18, 0, 0, 0) end: 0000-00-00 None status former
Ngan Sze-yuen Jacky former (2015, 3, 18, 0, 0, 0) (2008, 8, 1, 0, 0, 0) False
Ngan Sze-yuen Jacky former dateSafe (2015, 3, 18, 0, 0, 0) REJECTED by status and/or date
start: 40725.0 (2011, 7, 1, 0, 0, 0) safe: (2015, 3, 18, 0, 0, 0) end: 42248.0 (2019, 9, 2, 0, 0, 0) status former
Xu Jianyi former (2015, 3, 18, 0, 0, 0) (2011, 7, 1, 0, 0, 0) True
start: 38761.0 (2006, 2, 13, 0, 0, 0) safe: (2015, 3, 18, 0, 0, 0) end: 0000-00-00 None status 
Kang Li  (2015, 3, 18, 0, 0, 0) (2006, 2, 13, 0, 0, 0) True
start: 38761.0 (2006, 2, 13, 0, 0, 0) safe: (2015, 3, 18, 0, 0, 0) end: 0000-00-00 None status 
Lei Ruiting  (2015, 3, 18, 0, 0, 0) (2006, 2, 13, 0, 0, 0) True
start: 41895.0 (2014, 9, 13, 0, 0, 0) safe: (2015, 3, 18, 0, 0, 0) end: 0000-00-00 None status 
Li Shanfeng  (2015, 3, 18, 0, 0, 0) (2014, 9, 13, 0, 0, 0) True
start: 41895.0 (2014, 9, 13, 0, 0, 0) safe: (2015, 3, 18, 0, 0, 0) end: 0000-00-00 None status 
Lin Shengxin  (2015, 3, 18, 0, 0, 0) (2014, 9, 13, 0, 0, 0) True
start: 38761.0 (2006, 2, 13, 0, 0, 0) safe: (2015, 3, 18, 0, 0, 0) end: 0000-00-00 None status former
Song Yue former (2015, 3, 18, 0, 0, 0) (2006, 2, 13, 0, 0, 0) False
Song Yue former dateSafe (2015, 3, 18, 0, 0, 0) REJECTED by status and/or date
start: 38761.0 (2006, 2, 13, 0, 0, 0) safe: (2015, 3, 18, 0, 0, 0) end: 0000-00-00 None status former
Wang Ning former (2015, 3, 18, 0, 0, 0) (2006, 2, 13, 0, 0, 0) False
Wang Ning former dateSafe (2015, 3, 18, 0, 0, 0) REJECTED by status and/or date
start: 38761.0 (2006, 2, 13, 0, 0, 0) safe: (2015, 3, 18, 0, 0, 0) end: 0000-00-00 None status former
Xi Donghe former (2015, 3, 18, 0, 0, 0) (2006, 2, 13, 0, 0, 0) False
Xi Donghe former dateSafe (2015, 3, 18, 0, 0, 0) REJECTED by status and/or date
start: 38761.0 (2006, 2, 13, 0, 0, 0) safe: (2015, 3, 18, 0, 0, 0) end: 0000-00-00 None status ib
Yang Lei IB (2015, 3, 18, 0, 0, 0) (2006, 2, 13, 0, 0, 0) True
start: 38761.0 (2006, 2, 13, 0, 0, 0) safe: (2015, 3, 18, 0, 0, 0) end: 0000-00-00 None status former
Yuan Huaqian former (2015, 3, 18, 0, 0, 0) (2006, 2, 13, 0, 0, 0) False
Yuan Huaqian former dateSafe (2015, 3, 18, 0, 0, 0) REJECTED by status and/or date
start: 38761.0 (2006, 2, 13, 0, 0, 0) safe: (2015, 3, 18, 0, 0, 0) end: 0000-00-00 None status 
Zhang Zhijian  (2015, 3, 18, 0, 0, 0) (2006, 2, 13, 0, 0, 0) True
start: 38761.0 (2006, 2, 13, 0, 0, 0) safe: (2015, 3, 18, 0, 0, 0) end: 0000-00-00 None status former
Butorov Ilya former (2015, 3, 18, 0, 0, 0) (2006, 2, 13, 0, 0, 0) False
Butorov Ilya former dateSafe (2015, 3, 18, 0, 0, 0) REJECTED by status and/or date
start: 42005.0 (2015, 1, 1, 0, 0, 0) safe: (2015, 3, 18, 0, 0, 0) end: 0000-00-00 None status 
Chukanov Artem  (2015, 3, 18, 0, 0, 0) (2015, 1, 1, 0, 0, 0) True
NO PUBLICATION NAME FOR FamilyName Chukanov GivenName Artem of Dubna . Edit ../list_with_pubnames.xls to add this name
start: 42005.0 (2015, 1, 1, 0, 0, 0) safe: (2015, 3, 18, 0, 0, 0) end: 0000-00-00 None status 
Dolgareva Maria  (2015, 3, 18, 0, 0, 0) (2015, 1, 1, 0, 0, 0) True
NO PUBLICATION NAME FOR FamilyName Dolgareva GivenName Maria of Dubna . Edit ../list_with_pubnames.xls to add this name
start: 40544.0 (2011, 1, 1, 0, 0, 0) safe: (2015, 3, 18, 0, 0, 0) end: 0000-00-00 None status 
GONCHAR Maxim  (2015, 3, 18, 0, 0, 0) (2011, 1, 1, 0, 0, 0) True
start: 38761.0 (2006, 2, 13, 0, 0, 0) safe: (2015, 3, 18, 0, 0, 0) end: 0000-00-00 None status ib
Naumov Dmitry IB (2015, 3, 18, 0, 0, 0) (2006, 2, 13, 0, 0, 0) True
start: 38761.0 (2006, 2, 13, 0, 0, 0) safe: (2015, 3, 18, 0, 0, 0) end: 0000-00-00 None status 
Naumova Elena  (2015, 3, 18, 0, 0, 0) (2006, 2, 13, 0, 0, 0) True
start: 38761.0 (2006, 2, 13, 0, 0, 0) safe: (2015, 3, 18, 0, 0, 0) end: 0000-00-00 None status former
Nemchenok Igor former (2015, 3, 18, 0, 0, 0) (2006, 2, 13, 0, 0, 0) False
Nemchenok Igor former dateSafe (2015, 3, 18, 0, 0, 0) REJECTED by status and/or date
start: 41752.0 (2014, 4, 23, 0, 0, 0) safe: (2015, 3, 18, 0, 0, 0) end: 0000-00-00 None status 
OLSHEVSKIY Alexander  (2015, 3, 18, 0, 0, 0) (2014, 4, 23, 0, 0, 0) True
start: 41518.0 (2013, 9, 1, 0, 0, 0) safe: (2015, 3, 18, 0, 0, 0) end: 0000-00-00 None status 
Taychenachev Dmitriy  (2015, 3, 18, 0, 0, 0) (2013, 9, 1, 0, 0, 0) True
start: 42005.0 (2015, 1, 1, 0, 0, 0) safe: (2015, 3, 18, 0, 0, 0) end: 0000-00-00 None status 
Treskov Konstantin  (2015, 3, 18, 0, 0, 0) (2015, 1, 1, 0, 0, 0) True
NO PUBLICATION NAME FOR FamilyName Treskov GivenName Konstantin of Dubna . Edit ../list_with_pubnames.xls to add this name
start: 38761.0 (2006, 2, 13, 0, 0, 0) safe: (2015, 3, 18, 0, 0, 0) end: 0000-00-00 None status ib
AN Fengpeng IB (2015, 3, 18, 0, 0, 0) (2006, 2, 13, 0, 0, 0) True
start: 38761.0 (2006, 2, 13, 0, 0, 0) safe: (2015, 3, 18, 0, 0, 0) end: 0000-00-00 None status 
Kwok Talent  (2015, 3, 18, 0, 0, 0) (2006, 2, 13, 0, 0, 0) True
start: 42022.0 (2015, 1, 18, 0, 0, 0) safe: (2015, 3, 18, 0, 0, 0) end: 0000-00-00 None status ib
Lee Jenny H.C. IB (2015, 3, 18, 0, 0, 0) (2015, 1, 18, 0, 0, 0) True
NO PUBLICATION NAME FOR FamilyName Lee GivenName Jenny H.C. of HKU . Edit ../list_with_pubnames.xls to add this name
start: 41640.0 (2014, 1, 1, 0, 0, 0) safe: (2015, 3, 18, 0, 0, 0) end: 42247.0 (2019, 9, 1, 0, 0, 0) status former
Li Sheng Chao former (2015, 3, 18, 0, 0, 0) (2014, 1, 1, 0, 0, 0) True
start: 42022.0 (2015, 1, 18, 0, 0, 0) safe: (2015, 3, 18, 0, 0, 0) end: 42156.0 (2019, 6, 2, 0, 0, 0) status 
Liu JiaJian  (2015, 3, 18, 0, 0, 0) (2015, 1, 18, 0, 0, 0) True
NO PUBLICATION NAME FOR FamilyName Liu GivenName JiaJian of HKU . Edit ../list_with_pubnames.xls to add this name
start: 39326.0 (2007, 9, 1, 0, 0, 0) safe: (2015, 3, 18, 0, 0, 0) end: 0000-00-00 None status 
Ngai Jimmy  (2015, 3, 18, 0, 0, 0) (2007, 9, 1, 0, 0, 0) True
start: 38761.0 (2006, 2, 13, 0, 0, 0) safe: (2015, 3, 18, 0, 0, 0) end: 0000-00-00 None status 
Pun Jason C.S.  (2015, 3, 18, 0, 0, 0) (2006, 2, 13, 0, 0, 0) True
start: 40513.0 (2010, 12, 1, 0, 0, 0) safe: (2015, 3, 18, 0, 0, 0) end: 0000-00-00 None status 
Cao Guofu  (2015, 3, 18, 0, 0, 0) (2010, 12, 1, 0, 0, 0) True
start: 38761.0 (2006, 2, 13, 0, 0, 0) safe: (2015, 3, 18, 0, 0, 0) end: 0000-00-00 None status ib,eb,sp
Cao Jun IB,EB,SP (2015, 3, 18, 0, 0, 0) (2006, 2, 13, 0, 0, 0) True
start: 41456.0 (2013, 7, 1, 0, 0, 0) safe: (2015, 3, 18, 0, 0, 0) end: 42200.0 (2019, 7, 16, 0, 0, 0) status former
Cen Wuron former (2015, 3, 18, 0, 0, 0) (2013, 7, 1, 0, 0, 0) True
start: 38761.0 (2006, 2, 13, 0, 0, 0) safe: (2015, 3, 18, 0, 0, 0) end: 0000-00-00 None status 
Chang Jinfan  (2015, 3, 18, 0, 0, 0) (2006, 2, 13, 0, 0, 0) True
start: 38761.0 (2006, 2, 13, 0, 0, 0) safe: (2015, 3, 18, 0, 0, 0) end: 0000-00-00 None status 
Chen Hesheng  (2015, 3, 18, 0, 0, 0) (2006, 2, 13, 0, 0, 0) True
start: 41105.0 (2012, 7, 15, 0, 0, 0) safe: (2015, 3, 18, 0, 0, 0) end: 0000-00-00 None status 
Cheng Yaping  (2015, 3, 18, 0, 0, 0) (2012, 7, 15, 0, 0, 0) True
start: 38761.0 (2006, 2, 13, 0, 0, 0) safe: (2015, 3, 18, 0, 0, 0) end: 0000-00-00 None status former
Deng Junling former (2015, 3, 18, 0, 0, 0) (2006, 2, 13, 0, 0, 0) False
Deng Junling former dateSafe (2015, 3, 18, 0, 0, 0) REJECTED by status and/or date
start: 38761.0 (2006, 2, 13, 0, 0, 0) safe: (2015, 3, 18, 0, 0, 0) end: 42267.0 (2019, 9, 21, 0, 0, 0) status former
Deng Ziyan former (2015, 3, 18, 0, 0, 0) (2006, 2, 13, 0, 0, 0) True
start: 41640.0 (2014, 1, 1, 0, 0, 0) safe: (2015, 3, 18, 0, 0, 0) end: 42200.0 (2019, 7, 16, 0, 0, 0) status former
Ding Xuefeng former (2015, 3, 18, 0, 0, 0) (2014, 1, 1, 0, 0, 0) True
start: 38761.0 (2006, 2, 13, 0, 0, 0) safe: (2015, 3, 18, 0, 0, 0) end: 0000-00-00 None status 
Ding Yayun  (2015, 3, 18, 0, 0, 0) (2006, 2, 13, 0, 0, 0) True
start: 38761.0 (2006, 2, 13, 0, 0, 0) safe: (2015, 3, 18, 0, 0, 0) end: 0000-00-00 None status former
Gao Qingwei former (2015, 3, 18, 0, 0, 0) (2006, 2, 13, 0, 0, 0) False
Gao Qingwei former dateSafe (2015, 3, 18, 0, 0, 0) REJECTED by status and/or date
start: 41456.0 (2013, 7, 1, 0, 0, 0) safe: (2015, 3, 18, 0, 0, 0) end: 0000-00-00 None status 
Grassi Marco  (2015, 3, 18, 0, 0, 0) (2013, 7, 1, 0, 0, 0) True
start: 38761.0 (2006, 2, 13, 0, 0, 0) safe: (2015, 3, 18, 0, 0, 0) end: 42267.0 (2019, 9, 21, 0, 0, 0) status former
Guan Mengyun former (2015, 3, 18, 0, 0, 0) (2006, 2, 13, 0, 0, 0) True
start: 41842.0 (2014, 7, 22, 0, 0, 0) safe: (2015, 3, 18, 0, 0, 0) end: 42200.0 (2019, 7, 16, 0, 0, 0) status former
Guo Rupan former (2015, 3, 18, 0, 0, 0) (2014, 7, 22, 0, 0, 0) True
start: 38761.0 (2006, 2, 13, 0, 0, 0) safe: (2015, 3, 18, 0, 0, 0) end: 0000-00-00 None status former
He lei former (2015, 3, 18, 0, 0, 0) (2006, 2, 13, 0, 0, 0) False
He lei former dateSafe (2015, 3, 18, 0, 0, 0) REJECTED by status and/or date
start: 38761.0 (2006, 2, 13, 0, 0, 0) safe: (2015, 3, 18, 0, 0, 0) end: 0000-00-00 None status 
He Miao  (2015, 3, 18, 0, 0, 0) (2006, 2, 13, 0, 0, 0) True
start: 39648.0 (2008, 7, 19, 0, 0, 0) safe: (2015, 3, 18, 0, 0, 0) end: 0000-00-00 None status l2
Heng Yuekun L2 (2015, 3, 18, 0, 0, 0) (2008, 7, 19, 0, 0, 0) True
start: 39795.0 (2008, 12, 13, 0, 0, 0) safe: (2015, 3, 18, 0, 0, 0) end: 0000-00-00 None status 
Hu Tao  (2015, 3, 18, 0, 0, 0) (2008, 12, 13, 0, 0, 0) True
start: 41105.0 (2012, 7, 15, 0, 0, 0) safe: (2015, 3, 18, 0, 0, 0) end: 0000-00-00 None status 
Hu Wei  (2015, 3, 18, 0, 0, 0) (2012, 7, 15, 0, 0, 0) True
start: 38761.0 (2006, 2, 13, 0, 0, 0) safe: (2015, 3, 18, 0, 0, 0) end: 42277.0 (2019, 10, 1, 0, 0, 0) status former
Jetter Soeren former (2015, 3, 18, 0, 0, 0) (2006, 2, 13, 0, 0, 0) True
start: 38761.0 (2006, 2, 13, 0, 0, 0) safe: (2015, 3, 18, 0, 0, 0) end: 0000-00-00 None status 
Ji Xiaolu  (2015, 3, 18, 0, 0, 0) (2006, 2, 13, 0, 0, 0) True
start: 38761.0 (2006, 2, 13, 0, 0, 0) safe: (2015, 3, 18, 0, 0, 0) end: 0000-00-00 None status 
Li Fei  (2015, 3, 18, 0, 0, 0) (2006, 2, 13, 0, 0, 0) True
start: 38761.0 (2006, 2, 13, 0, 0, 0) safe: (2015, 3, 18, 0, 0, 0) end: 0000-00-00 None status former
Li Jin former (2015, 3, 18, 0, 0, 0) (2006, 2, 13, 0, 0, 0) False
Li Jin former dateSafe (2015, 3, 18, 0, 0, 0) REJECTED by status and/or date
start: 38761.0 (2006, 2, 13, 0, 0, 0) safe: (2015, 3, 18, 0, 0, 0) end: 0000-00-00 None status 
Li Qiuju  (2015, 3, 18, 0, 0, 0) (2006, 2, 13, 0, 0, 0) True
start: 38761.0 (2006, 2, 13, 0, 0, 0) safe: (2015, 3, 18, 0, 0, 0) end: 0000-00-00 None status former
Li Sibin former (2015, 3, 18, 0, 0, 0) (2006, 2, 13, 0, 0, 0) False
Li Sibin former dateSafe (2015, 3, 18, 0, 0, 0) REJECTED by status and/or date
start: 38761.0 (2006, 2, 13, 0, 0, 0) safe: (2015, 3, 18, 0, 0, 0) end: 0000-00-00 None status 
Li Weidong  (2015, 3, 18, 0, 0, 0) (2006, 2, 13, 0, 0, 0) True
start: 38761.0 (2006, 2, 13, 0, 0, 0) safe: (2015, 3, 18, 0, 0, 0) end: 0000-00-00 None status l2
Li Xiaonan L2 (2015, 3, 18, 0, 0, 0) (2006, 2, 13, 0, 0, 0) True
start: 41091.0 (2012, 7, 1, 0, 0, 0) safe: (2015, 3, 18, 0, 0, 0) end: 0000-00-00 None status 
Li Yufeng  (2015, 3, 18, 0, 0, 0) (2012, 7, 1, 0, 0, 0) True
start: 38761.0 (2006, 2, 13, 0, 0, 0) safe: (2015, 3, 18, 0, 0, 0) end: 0000-00-00 None status 
Liu Jinchang  (2015, 3, 18, 0, 0, 0) (2006, 2, 13, 0, 0, 0) True
start: 40422.0 (2010, 9, 1, 0, 0, 0) safe: (2015, 3, 18, 0, 0, 0) end: 0000-00-00 None status former
Liu Yingbiao former (2015, 3, 18, 0, 0, 0) (2010, 9, 1, 0, 0, 0) False
Liu Yingbiao former dateSafe (2015, 3, 18, 0, 0, 0) REJECTED by status and/or date
start: 38761.0 (2006, 2, 13, 0, 0, 0) safe: (2015, 3, 18, 0, 0, 0) end: 0000-00-00 None status 
Lu Haoqi  (2015, 3, 18, 0, 0, 0) (2006, 2, 13, 0, 0, 0) True
start: 41730.0 (2014, 4, 1, 0, 0, 0) safe: (2015, 3, 18, 0, 0, 0) end: 0000-00-00 None status 
Lu Jiashu  (2015, 3, 18, 0, 0, 0) (2014, 4, 1, 0, 0, 0) True
start: 39722.0 (2008, 10, 1, 0, 0, 0) safe: (2015, 3, 18, 0, 0, 0) end: 42267.0 (2019, 9, 21, 0, 0, 0) status former
Ma Qiumei former (2015, 3, 18, 0, 0, 0) (2008, 10, 1, 0, 0, 0) True
start: 39083.0 (2007, 1, 1, 0, 0, 0) safe: (2015, 3, 18, 0, 0, 0) end: 0000-00-00 None status 
Ma Xiaoyan  (2015, 3, 18, 0, 0, 0) (2007, 1, 1, 0, 0, 0) True
start: 38761.0 (2006, 2, 13, 0, 0, 0) safe: (2015, 3, 18, 0, 0, 0) end: 0000-00-00 None status 
Ma Yuqian  (2015, 3, 18, 0, 0, 0) (2006, 2, 13, 0, 0, 0) True
start: 40057.0 (2009, 9, 1, 0, 0, 0) safe: (2015, 3, 18, 0, 0, 0) end: 42267.0 (2019, 9, 21, 0, 0, 0) status former
Ning Zhe former (2015, 3, 18, 0, 0, 0) (2009, 9, 1, 0, 0, 0) True
start: 39630.0 (2008, 7, 1, 0, 0, 0) safe: (2015, 3, 18, 0, 0, 0) end: 0000-00-00 None status 
Qi Fazhi  (2015, 3, 18, 0, 0, 0) (2008, 7, 1, 0, 0, 0) True
start: 38761.0 (2006, 2, 13, 0, 0, 0) safe: (2015, 3, 18, 0, 0, 0) end: 42267.0 (2019, 9, 21, 0, 0, 0) status former
Sun Gongxin former (2015, 3, 18, 0, 0, 0) (2006, 2, 13, 0, 0, 0) True
start: 38761.0 (2006, 2, 13, 0, 0, 0) safe: (2015, 3, 18, 0, 0, 0) end: 0000-00-00 None status former
Sun Yaxuan former (2015, 3, 18, 0, 0, 0) (2006, 2, 13, 0, 0, 0) False
Sun Yaxuan former dateSafe (2015, 3, 18, 0, 0, 0) REJECTED by status and/or date
start: 38761.0 (2006, 2, 13, 0, 0, 0) safe: (2015, 3, 18, 0, 0, 0) end: 0000-00-00 None status former
Tian Xinchun former (2015, 3, 18, 0, 0, 0) (2006, 2, 13, 0, 0, 0) False
Tian Xinchun former dateSafe (2015, 3, 18, 0, 0, 0) REJECTED by status and/or date
start: 38761.0 (2006, 2, 13, 0, 0, 0) safe: (2015, 3, 18, 0, 0, 0) end: 0000-00-00 None status former
Wang Genyi former (2015, 3, 18, 0, 0, 0) (2006, 2, 13, 0, 0, 0) False
Wang Genyi former dateSafe (2015, 3, 18, 0, 0, 0) REJECTED by status and/or date
start: 38761.0 (2006, 2, 13, 0, 0, 0) safe: (2015, 3, 18, 0, 0, 0) end: 0000-00-00 None status former
Wang Lingyu former (2015, 3, 18, 0, 0, 0) (2006, 2, 13, 0, 0, 0) False
Wang Lingyu former dateSafe (2015, 3, 18, 0, 0, 0) REJECTED by status and/or date
start: 38761.0 (2006, 2, 13, 0, 0, 0) safe: (2015, 3, 18, 0, 0, 0) end: 0000-00-00 None status 
Wang Ruiguang  (2015, 3, 18, 0, 0, 0) (2006, 2, 13, 0, 0, 0) True
start: 38761.0 (2006, 2, 13, 0, 0, 0) safe: (2015, 3, 18, 0, 0, 0) end: 0000-00-00 None status l1
Wang Yifang L1 (2015, 3, 18, 0, 0, 0) (2006, 2, 13, 0, 0, 0) True
start: 38761.0 (2006, 2, 13, 0, 0, 0) safe: (2015, 3, 18, 0, 0, 0) end: 0000-00-00 None status 
Wang Zheng  (2015, 3, 18, 0, 0, 0) (2006, 2, 13, 0, 0, 0) True
start: 38761.0 (2006, 2, 13, 0, 0, 0) safe: (2015, 3, 18, 0, 0, 0) end: 0000-00-00 None status 
Wang Zhimin  (2015, 3, 18, 0, 0, 0) (2006, 2, 13, 0, 0, 0) True
start: 38761.0 (2006, 2, 13, 0, 0, 0) safe: (2015, 3, 18, 0, 0, 0) end: 0000-00-00 None status 
Wen Liangjian  (2015, 3, 18, 0, 0, 0) (2006, 2, 13, 0, 0, 0) True
start: 40391.0 (2010, 8, 1, 0, 0, 0) safe: (2015, 3, 18, 0, 0, 0) end: 0000-00-00 None status former
Xia Dongmei former (2015, 3, 18, 0, 0, 0) (2010, 8, 1, 0, 0, 0) True
start: 41105.0 (2012, 7, 15, 0, 0, 0) safe: (2015, 3, 18, 0, 0, 0) end: 0000-00-00 None status 
Xia Jingkai  (2015, 3, 18, 0, 0, 0) (2012, 7, 15, 0, 0, 0) True
start: 41105.0 (2012, 7, 15, 0, 0, 0) safe: (2015, 3, 18, 0, 0, 0) end: 0000-00-00 None status former
Xia Jinkai former (2015, 3, 18, 0, 0, 0) (2012, 7, 15, 0, 0, 0) False
Xia Jinkai former dateSafe (2015, 3, 18, 0, 0, 0) REJECTED by status and/or date
start: 40391.0 (2010, 8, 1, 0, 0, 0) safe: (2015, 3, 18, 0, 0, 0) end: 0000-00-00 None status former
Xiao Dongmei former (2015, 3, 18, 0, 0, 0) (2010, 8, 1, 0, 0, 0) False
Xiao Dongmei former dateSafe (2015, 3, 18, 0, 0, 0) REJECTED by status and/or date
start: 38761.0 (2006, 2, 13, 0, 0, 0) safe: (2015, 3, 18, 0, 0, 0) end: 0000-00-00 None status 
Xing Zhizhong  (2015, 3, 18, 0, 0, 0) (2006, 2, 13, 0, 0, 0) True
start: 38761.0 (2006, 2, 13, 0, 0, 0) safe: (2015, 3, 18, 0, 0, 0) end: 0000-00-00 None status 
Xu Jilei  (2015, 3, 18, 0, 0, 0) (2006, 2, 13, 0, 0, 0) True
start: 38761.0 (2006, 2, 13, 0, 0, 0) safe: (2015, 3, 18, 0, 0, 0) end: 0000-00-00 None status former
Xu Jun former (2015, 3, 18, 0, 0, 0) (2006, 2, 13, 0, 0, 0) False
Xu Jun former dateSafe (2015, 3, 18, 0, 0, 0) REJECTED by status and/or date
start: 38761.0 (2006, 2, 13, 0, 0, 0) safe: (2015, 3, 18, 0, 0, 0) end: 0000-00-00 None status former
Yan Xiongbo former (2015, 3, 18, 0, 0, 0) (2006, 2, 13, 0, 0, 0) False
Yan Xiongbo former dateSafe (2015, 3, 18, 0, 0, 0) REJECTED by status and/or date
start: 38761.0 (2006, 2, 13, 0, 0, 0) safe: (2015, 3, 18, 0, 0, 0) end: 0000-00-00 None status l2
Yang Changgen L2 (2015, 3, 18, 0, 0, 0) (2006, 2, 13, 0, 0, 0) True
start: 41105.0 (2012, 7, 15, 0, 0, 0) safe: (2015, 3, 18, 0, 0, 0) end: 0000-00-00 None status 
Yang Masheng  (2015, 3, 18, 0, 0, 0) (2012, 7, 15, 0, 0, 0) True
start: 38761.0 (2006, 2, 13, 0, 0, 0) safe: (2015, 3, 18, 0, 0, 0) end: 0000-00-00 None status former
Yang Xuzu former (2015, 3, 18, 0, 0, 0) (2006, 2, 13, 0, 0, 0) False
Yang Xuzu former dateSafe (2015, 3, 18, 0, 0, 0) REJECTED by status and/or date
start: 38761.0 (2006, 2, 13, 0, 0, 0) safe: (2015, 3, 18, 0, 0, 0) end: 0000-00-00 None status l3
Ye Mei L3 (2015, 3, 18, 0, 0, 0) (2006, 2, 13, 0, 0, 0) True
start: 40026.0 (2009, 8, 1, 0, 0, 0) safe: (2015, 3, 18, 0, 0, 0) end: 0000-00-00 None status 
Yu Zeyuan  (2015, 3, 18, 0, 0, 0) (2009, 8, 1, 0, 0, 0) True
start: 38761.0 (2006, 2, 13, 0, 0, 0) safe: (2015, 3, 18, 0, 0, 0) end: 0000-00-00 None status 
Zhan Liang  (2015, 3, 18, 0, 0, 0) (2006, 2, 13, 0, 0, 0) True
start: 40391.0 (2010, 8, 1, 0, 0, 0) safe: (2015, 3, 18, 0, 0, 0) end: 0000-00-00 None status former
Zhang Feihong former (2015, 3, 18, 0, 0, 0) (2010, 8, 1, 0, 0, 0) False
Zhang Feihong former dateSafe (2015, 3, 18, 0, 0, 0) REJECTED by status and/or date
start: 38761.0 (2006, 2, 13, 0, 0, 0) safe: (2015, 3, 18, 0, 0, 0) end: 0000-00-00 None status 
Zhang Jiawen  (2015, 3, 18, 0, 0, 0) (2006, 2, 13, 0, 0, 0) True
start: 38761.0 (2006, 2, 13, 0, 0, 0) safe: (2015, 3, 18, 0, 0, 0) end: 0000-00-00 None status former
Zhang Shuhua former (2015, 3, 18, 0, 0, 0) (2006, 2, 13, 0, 0, 0) False
Zhang Shuhua former dateSafe (2015, 3, 18, 0, 0, 0) REJECTED by status and/or date
start: 41842.0 (2014, 7, 22, 0, 0, 0) safe: (2015, 3, 18, 0, 0, 0) end: 0000-00-00 None status 
Zhang Xuantong  (2015, 3, 18, 0, 0, 0) (2014, 7, 22, 0, 0, 0) True
start: 38761.0 (2006, 2, 13, 0, 0, 0) safe: (2015, 3, 18, 0, 0, 0) end: 0000-00-00 None status 
Zhang Zhiyong  (2015, 3, 18, 0, 0, 0) (2006, 2, 13, 0, 0, 0) True
start: 40725.0 (2011, 7, 1, 0, 0, 0) safe: (2015, 3, 18, 0, 0, 0) end: 0000-00-00 None status 
Zhao Jie  (2015, 3, 18, 0, 0, 0) (2011, 7, 1, 0, 0, 0) True
start: 40739.0 (2011, 7, 15, 0, 0, 0) safe: (2015, 3, 18, 0, 0, 0) end: 42200.0 (2019, 7, 16, 0, 0, 0) status former
Zhao Qiwang former (2015, 3, 18, 0, 0, 0) (2011, 7, 15, 0, 0, 0) True
start: 38761.0 (2006, 2, 13, 0, 0, 0) safe: (2015, 3, 18, 0, 0, 0) end: 42267.0 (2019, 9, 21, 0, 0, 0) status former
Zhao Yubin former (2015, 3, 18, 0, 0, 0) (2006, 2, 13, 0, 0, 0) True
start: 40954.0 (2012, 2, 15, 0, 0, 0) safe: (2015, 3, 18, 0, 0, 0) end: 42262.0 (2019, 9, 16, 0, 0, 0) status former
Zhong Weili former (2015, 3, 18, 0, 0, 0) (2012, 2, 15, 0, 0, 0) True
start: 39795.0 (2008, 12, 13, 0, 0, 0) safe: (2015, 3, 18, 0, 0, 0) end: 0000-00-00 None status 
Zhou Li  (2015, 3, 18, 0, 0, 0) (2008, 12, 13, 0, 0, 0) True
start: 38761.0 (2006, 2, 13, 0, 0, 0) safe: (2015, 3, 18, 0, 0, 0) end: 0000-00-00 None status 
Zhuang Honglin  (2015, 3, 18, 0, 0, 0) (2006, 2, 13, 0, 0, 0) True
start: 40422.0 (2010, 9, 1, 0, 0, 0) safe: (2015, 3, 18, 0, 0, 0) end: 0000-00-00 None status 
Zou Jiaheng  (2015, 3, 18, 0, 0, 0) (2010, 9, 1, 0, 0, 0) True
start: 41030.0 (2012, 5, 1, 0, 0, 0) safe: (2015, 3, 18, 0, 0, 0) end: 42217.0 (2019, 8, 2, 0, 0, 0) status 
de Arcos Jose  (2015, 3, 18, 0, 0, 0) (2012, 5, 1, 0, 0, 0) True
start: 41944.0 (2014, 11, 1, 0, 0, 0) safe: (2015, 3, 18, 0, 0, 0) end: 0000-00-00 None status 
Martinez David  (2015, 3, 18, 0, 0, 0) (2014, 11, 1, 0, 0, 0) True
start: 38761.0 (2006, 2, 13, 0, 0, 0) safe: (2015, 3, 18, 0, 0, 0) end: 0000-00-00 None status ib,eb,l2
White Christopher IB,EB,L2 (2015, 3, 18, 0, 0, 0) (2006, 2, 13, 0, 0, 0) True
start: 38761.0 (2006, 2, 13, 0, 0, 0) safe: (2015, 3, 18, 0, 0, 0) end: 0000-00-00 None status ib
Whisnant Kerry IB (2015, 3, 18, 0, 0, 0) (2006, 2, 13, 0, 0, 0) True
start: 38761.0 (2006, 2, 13, 0, 0, 0) safe: (2015, 3, 18, 0, 0, 0) end: 0000-00-00 None status 
Young Bing-Lin  (2015, 3, 18, 0, 0, 0) (2006, 2, 13, 0, 0, 0) True
start: 41030.0 (2012, 5, 1, 0, 0, 0) safe: (2015, 3, 18, 0, 0, 0) end: 0000-00-00 None status 
Dwyer Dan  (2015, 3, 18, 0, 0, 0) (2012, 5, 1, 0, 0, 0) True
start: 38761.0 (2006, 2, 13, 0, 0, 0) safe: (2015, 3, 18, 0, 0, 0) end: 0000-00-00 None status l1
Edwards Bill L1 (2015, 3, 18, 0, 0, 0) (2006, 2, 13, 0, 0, 0) True
start: 40452.0 (2010, 10, 1, 0, 0, 0) safe: (2015, 3, 18, 0, 0, 0) end: 0000-00-00 None status 
Kramer Matt  (2015, 3, 18, 0, 0, 0) (2010, 10, 1, 0, 0, 0) True
start: 38761.0 (2006, 2, 13, 0, 0, 0) safe: (2015, 3, 18, 0, 0, 0) end: 0000-00-00 None status l3
Lee Jason L3 (2015, 3, 18, 0, 0, 0) (2006, 2, 13, 0, 0, 0) True
start: 38761.0 (2006, 2, 13, 0, 0, 0) safe: (2015, 3, 18, 0, 0, 0) end: 0000-00-00 None status l3
Lin Cheng-Ju L3 (2015, 3, 18, 0, 0, 0) (2006, 2, 13, 0, 0, 0) True
start: 40680.0 (2011, 5, 17, 0, 0, 0) safe: (2015, 3, 18, 0, 0, 0) end: 0000-00-00 None status 
Nakajima Yasuhiro  (2015, 3, 18, 0, 0, 0) (2011, 5, 17, 0, 0, 0) True
start: 38761.0 (2006, 2, 13, 0, 0, 0) safe: (2015, 3, 18, 0, 0, 0) end: 0000-00-00 None status l3
Patton Simon L3 (2015, 3, 18, 0, 0, 0) (2006, 2, 13, 0, 0, 0) True
start: 40763.0 (2011, 8, 8, 0, 0, 0) safe: (2015, 3, 18, 0, 0, 0) end: 0000-00-00 None status 
Tsang Patrick  (2015, 3, 18, 0, 0, 0) (2011, 8, 8, 0, 0, 0) True
start: 38761.0 (2006, 2, 13, 0, 0, 0) safe: (2015, 3, 18, 0, 0, 0) end: 0000-00-00 None status l2
Tull Craig E. L2 (2015, 3, 18, 0, 0, 0) (2006, 2, 13, 0, 0, 0) True
start: 40452.0 (2010, 10, 1, 0, 0, 0) safe: (2015, 3, 18, 0, 0, 0) end: 0000-00-00 None status 
Ji Xiangpan  (2015, 3, 18, 0, 0, 0) (2010, 10, 1, 0, 0, 0) True
start: 38761.0 (2006, 2, 13, 0, 0, 0) safe: (2015, 3, 18, 0, 0, 0) end: 0000-00-00 None status 
Chen Yixue  (2015, 3, 18, 0, 0, 0) (2006, 2, 13, 0, 0, 0) True
start: 41487.0 (2013, 8, 1, 0, 0, 0) safe: (2015, 3, 18, 0, 0, 0) end: 42248.0 (2019, 9, 2, 0, 0, 0) status 
Han Ran  (2015, 3, 18, 0, 0, 0) (2013, 8, 1, 0, 0, 0) True
start: 40735.0 (2011, 7, 11, 0, 0, 0) safe: (2015, 3, 18, 0, 0, 0) end: 0000-00-00 None status ib
Ma Xubo IB (2015, 3, 18, 0, 0, 0) (2011, 7, 11, 0, 0, 0) True
start: 41153.0 (2012, 9, 1, 0, 0, 0) safe: (2015, 3, 18, 0, 0, 0) end: 42095.0 (2019, 4, 2, 0, 0, 0) status 
Zhao Yanfei  (2015, 3, 18, 0, 0, 0) (2012, 9, 1, 0, 0, 0) True
start: 41306.0 (2013, 2, 1, 0, 0, 0) safe: (2015, 3, 18, 0, 0, 0) end: 42248.0 (2019, 9, 2, 0, 0, 0) status former
Chang Li-Chu former (2015, 3, 18, 0, 0, 0) (2013, 2, 1, 0, 0, 0) True
start: 41671.0 (2014, 2, 1, 0, 0, 0) safe: (2015, 3, 18, 0, 0, 0) end: 42277.0 (2019, 10, 1, 0, 0, 0) status former
Cheng Chia-Hua former (2015, 3, 18, 0, 0, 0) (2014, 2, 1, 0, 0, 0) True
start: 41671.0 (2014, 2, 1, 0, 0, 0) safe: (2015, 3, 18, 0, 0, 0) end: 42277.0 (2019, 10, 1, 0, 0, 0) status former
Cheng Jia-Hua former (2015, 3, 18, 0, 0, 0) (2014, 2, 1, 0, 0, 0) True
NO PUBLICATION NAME FOR FamilyName Cheng GivenName Jia-Hua of NCTU . Edit ../list_with_pubnames.xls to add this name
start: 41395.0 (2013, 5, 1, 0, 0, 0) safe: (2015, 3, 18, 0, 0, 0) end: 0000-00-00 None status 
Jen Kou-Lun  (2015, 3, 18, 0, 0, 0) (2013, 5, 1, 0, 0, 0) True
start: 38761.0 (2006, 2, 13, 0, 0, 0) safe: (2015, 3, 18, 0, 0, 0) end: 0000-00-00 None status ib
Lin Guey-Lin IB (2015, 3, 18, 0, 0, 0) (2006, 2, 13, 0, 0, 0) True
start: 41852.0 (2014, 8, 1, 0, 0, 0) safe: (2015, 3, 18, 0, 0, 0) end: 0000-00-00 None status 
Wu Chia-Hao  (2015, 3, 18, 0, 0, 0) (2014, 8, 1, 0, 0, 0) True
start: 41699.0 (2014, 3, 1, 0, 0, 0) safe: (2015, 3, 18, 0, 0, 0) end: 0000-00-00 None status 
Cao Dewen  (2015, 3, 18, 0, 0, 0) (2014, 3, 1, 0, 0, 0) True
start: 38761.0 (2006, 2, 13, 0, 0, 0) safe: (2015, 3, 18, 0, 0, 0) end: 0000-00-00 None status former
Chen Shenjian former (2015, 3, 18, 0, 0, 0) (2006, 2, 13, 0, 0, 0) False
Chen Shenjian former dateSafe (2015, 3, 18, 0, 0, 0) REJECTED by status and/or date
start: 42064.0 (2015, 3, 1, 0, 0, 0) safe: (2015, 3, 18, 0, 0, 0) end: 0000-00-00 None status 
LOH Chang Wei  (2015, 3, 18, 0, 0, 0) (2015, 3, 1, 0, 0, 0) True
NO PUBLICATION NAME FOR FamilyName LOH GivenName Chang Wei of NJU . Edit ../list_with_pubnames.xls to add this name
start: 42064.0 (2015, 3, 1, 0, 0, 0) safe: (2015, 3, 18, 0, 0, 0) end: 0000-00-00 None status former
Loh Zhangwei former (2015, 3, 18, 0, 0, 0) (2015, 3, 1, 0, 0, 0) False
Loh Zhangwei former dateSafe (2015, 3, 18, 0, 0, 0) REJECTED by status and/or date
start: 38761.0 (2006, 2, 13, 0, 0, 0) safe: (2015, 3, 18, 0, 0, 0) end: 0000-00-00 None status ib
Qi Ming IB (2015, 3, 18, 0, 0, 0) (2006, 2, 13, 0, 0, 0) True
start: 41153.0 (2012, 9, 1, 0, 0, 0) safe: (2015, 3, 18, 0, 0, 0) end: 42186.0 (2019, 7, 2, 0, 0, 0) status former
Wang Wen-wen former (2015, 3, 18, 0, 0, 0) (2012, 9, 1, 0, 0, 0) True
start: 42064.0 (2015, 3, 1, 0, 0, 0) safe: (2015, 3, 18, 0, 0, 0) end: 0000-00-00 None status 
Yang Haibo  (2015, 3, 18, 0, 0, 0) (2015, 3, 1, 0, 0, 0) True
NO PUBLICATION NAME FOR FamilyName Yang GivenName Haibo of NJU . Edit ../list_with_pubnames.xls to add this name
start: 41153.0 (2012, 9, 1, 0, 0, 0) safe: (2015, 3, 18, 0, 0, 0) end: 42186.0 (2019, 7, 2, 0, 0, 0) status former
Yu Guang-you former (2015, 3, 18, 0, 0, 0) (2012, 9, 1, 0, 0, 0) True
start: 41487.0 (2013, 8, 1, 0, 0, 0) safe: (2015, 3, 18, 0, 0, 0) end: 0000-00-00 None status l3
Blyth Simon L3 (2015, 3, 18, 0, 0, 0) (2013, 8, 1, 0, 0, 0) True
start: 38761.0 (2006, 2, 13, 0, 0, 0) safe: (2015, 3, 18, 0, 0, 0) end: 0000-00-00 None status ib,eb
Hsiung Yee IB,EB (2015, 3, 18, 0, 0, 0) (2006, 2, 13, 0, 0, 0) True
start: 41912.0 (2014, 9, 30, 0, 0, 0) safe: (2015, 3, 18, 0, 0, 0) end: 0000-00-00 None status l3
Hu Bei-Zhen L3 (2015, 3, 18, 0, 0, 0) (2014, 9, 30, 0, 0, 0) True
start: 41974.0 (2014, 12, 1, 0, 0, 0) safe: (2015, 3, 18, 0, 0, 0) end: 0000-00-00 None status l3
Lin Yu-Cheng L3 (2015, 3, 18, 0, 0, 0) (2014, 12, 1, 0, 0, 0) True
NO PUBLICATION NAME FOR FamilyName Lin GivenName Yu-Cheng of NTU . Edit ../list_with_pubnames.xls to add this name
start: 41671.0 (2014, 2, 1, 0, 0, 0) safe: (2015, 3, 18, 0, 0, 0) end: 0000-00-00 None status former
Pan Hsiao-Ju former (2015, 3, 18, 0, 0, 0) (2014, 2, 1, 0, 0, 0) False
Pan Hsiao-Ju former dateSafe (2015, 3, 18, 0, 0, 0) REJECTED by status and/or date
start: 41671.0 (2014, 2, 1, 0, 0, 0) safe: (2015, 3, 18, 0, 0, 0) end: 0000-00-00 None status l3
Pan Hsiao-Ru L3 (2015, 3, 18, 0, 0, 0) (2014, 2, 1, 0, 0, 0) True
start: 41284.0 (2013, 1, 10, 0, 0, 0) safe: (2015, 3, 18, 0, 0, 0) end: 0000-00-00 None status ib
Wang Xi IB (2015, 3, 18, 0, 0, 0) (2013, 1, 10, 0, 0, 0) True
start: 41487.0 (2013, 8, 1, 0, 0, 0) safe: (2015, 3, 18, 0, 0, 0) end: 0000-00-00 None status former
Blyth Simon former (2015, 3, 18, 0, 0, 0) (2013, 8, 1, 0, 0, 0) True
start: 38761.0 (2006, 2, 13, 0, 0, 0) safe: (2015, 3, 18, 0, 0, 0) end: 0000-00-00 None status l3
Chang Yun L3 (2015, 3, 18, 0, 0, 0) (2006, 2, 13, 0, 0, 0) True
start: 38761.0 (2006, 2, 13, 0, 0, 0) safe: (2015, 3, 18, 0, 0, 0) end: 0000-00-00 None status ib
Wang Chung-Hsiang IB (2015, 3, 18, 0, 0, 0) (2006, 2, 13, 0, 0, 0) True
start: 38761.0 (2006, 2, 13, 0, 0, 0) safe: (2015, 3, 18, 0, 0, 0) end: 0000-00-00 None status 
Lu Changguo  (2015, 3, 18, 0, 0, 0) (2006, 2, 13, 0, 0, 0) True
start: 38761.0 (2006, 2, 13, 0, 0, 0) safe: (2015, 3, 18, 0, 0, 0) end: 0000-00-00 None status ib
McDonald Kirk IB (2015, 3, 18, 0, 0, 0) (2006, 2, 13, 0, 0, 0) True
start: 40544.0 (2011, 1, 1, 0, 0, 0) safe: (2015, 3, 18, 0, 0, 0) end: 0000-00-00 None status former
Iwamoto Konosuke former (2015, 3, 18, 0, 0, 0) (2011, 1, 1, 0, 0, 0) False
Iwamoto Konosuke former dateSafe (2015, 3, 18, 0, 0, 0) REJECTED by status and/or date
start: 40725.0 (2011, 7, 1, 0, 0, 0) safe: (2015, 3, 18, 0, 0, 0) end: 0000-00-00 None status 
Raper Neill  (2015, 3, 18, 0, 0, 0) (2011, 7, 1, 0, 0, 0) True
start: 40634.0 (2011, 4, 1, 0, 0, 0) safe: (2015, 3, 18, 0, 0, 0) end: 0000-00-00 None status former
Wilhelmi James former (2015, 3, 18, 0, 0, 0) (2011, 4, 1, 0, 0, 0) False
Wilhelmi James former dateSafe (2015, 3, 18, 0, 0, 0) REJECTED by status and/or date
start: 40544.0 (2011, 1, 1, 0, 0, 0) safe: (2015, 3, 18, 0, 0, 0) end: 0000-00-00 None status former
Zhang Xiao former (2015, 3, 18, 0, 0, 0) (2011, 1, 1, 0, 0, 0) False
Zhang Xiao former dateSafe (2015, 3, 18, 0, 0, 0) REJECTED by status and/or date
start: 41395.0 (2013, 5, 1, 0, 0, 0) safe: (2015, 3, 18, 0, 0, 0) end: 0000-00-00 None status 
Chen Quanyou  (2015, 3, 18, 0, 0, 0) (2013, 5, 1, 0, 0, 0) True
start: 41560.0 (2013, 10, 13, 0, 0, 0) safe: (2015, 3, 18, 0, 0, 0) end: 0000-00-00 None status 
Cheng Jie  (2015, 3, 18, 0, 0, 0) (2013, 10, 13, 0, 0, 0) True
start: 39234.0 (2007, 6, 1, 0, 0, 0) safe: (2015, 3, 18, 0, 0, 0) end: 0000-00-00 None status ib
Huang Xingtao IB (2015, 3, 18, 0, 0, 0) (2007, 6, 1, 0, 0, 0) True
start: 39234.0 (2007, 6, 1, 0, 0, 0) safe: (2015, 3, 18, 0, 0, 0) end: 0000-00-00 None status 
Jiao Jianbin  (2015, 3, 18, 0, 0, 0) (2007, 6, 1, 0, 0, 0) True
start: 41782.0 (2014, 5, 23, 0, 0, 0) safe: (2015, 3, 18, 0, 0, 0) end: 0000-00-00 None status 
Li Chao  (2015, 3, 18, 0, 0, 0) (2014, 5, 23, 0, 0, 0) True
start: 40179.0 (2010, 1, 1, 0, 0, 0) safe: (2015, 3, 18, 0, 0, 0) end: 0000-00-00 None status l2
Wang Meng L2 (2015, 3, 18, 0, 0, 0) (2010, 1, 1, 0, 0, 0) True
start: 40909.0 (2012, 1, 1, 0, 0, 0) safe: (2015, 3, 18, 0, 0, 0) end: 0000-00-00 None status 
Wu Qun  (2015, 3, 18, 0, 0, 0) (2012, 1, 1, 0, 0, 0) True
start: 41395.0 (2013, 5, 1, 0, 0, 0) safe: (2015, 3, 18, 0, 0, 0) end: 0000-00-00 None status 
Yang Mengting  (2015, 3, 18, 0, 0, 0) (2013, 5, 1, 0, 0, 0) True
start: 40148.0 (2009, 12, 1, 0, 0, 0) safe: (2015, 3, 18, 0, 0, 0) end: 0000-00-00 None status ib
Cummings John IB (2015, 3, 18, 0, 0, 0) (2009, 12, 1, 0, 0, 0) True
start: 38761.0 (2006, 2, 13, 0, 0, 0) safe: (2015, 3, 18, 0, 0, 0) end: 0000-00-00 None status former
Cai Bei former (2015, 3, 18, 0, 0, 0) (2006, 2, 13, 0, 0, 0) False
Cai Bei former dateSafe (2015, 3, 18, 0, 0, 0) REJECTED by status and/or date
start: 40560.0 (2011, 1, 17, 0, 0, 0) safe: (2015, 3, 18, 0, 0, 0) end: 0000-00-00 None status 
Gu Wenqiang  (2015, 3, 18, 0, 0, 0) (2011, 1, 17, 0, 0, 0) True
start: 40179.0 (2010, 1, 1, 0, 0, 0) safe: (2015, 3, 18, 0, 0, 0) end: 0000-00-00 None status 
Li Gaosong  (2015, 3, 18, 0, 0, 0) (2010, 1, 1, 0, 0, 0) True
start: 39873.0 (2009, 3, 1, 0, 0, 0) safe: (2015, 3, 18, 0, 0, 0) end: 0000-00-00 None status ib,eb,l2,l3
Liu Jianglai IB,EB,L2,L3 (2015, 3, 18, 0, 0, 0) (2009, 3, 1, 0, 0, 0) True
start: 38761.0 (2006, 2, 13, 0, 0, 0) safe: (2015, 3, 18, 0, 0, 0) end: 0000-00-00 None status former
Yu Mitchell former (2015, 3, 18, 0, 0, 0) (2006, 2, 13, 0, 0, 0) False
Yu Mitchell former dateSafe (2015, 3, 18, 0, 0, 0) REJECTED by status and/or date
start: 38761.0 (2006, 2, 13, 0, 0, 0) safe: (2015, 3, 18, 0, 0, 0) end: 0000-00-00 None status ib
Chen Yu IB (2015, 3, 18, 0, 0, 0) (2006, 2, 13, 0, 0, 0) True
start: 38761.0 (2006, 2, 13, 0, 0, 0) safe: (2015, 3, 18, 0, 0, 0) end: 0000-00-00 None status ib
Napolitano Jim IB (2015, 3, 18, 0, 0, 0) (2006, 2, 13, 0, 0, 0) True
start: 38761.0 (2006, 2, 13, 0, 0, 0) safe: (2015, 3, 18, 0, 0, 0) end: 0000-00-00 None status ib
Chen Shaomin IB (2015, 3, 18, 0, 0, 0) (2006, 2, 13, 0, 0, 0) True
start: 38761.0 (2006, 2, 13, 0, 0, 0) safe: (2015, 3, 18, 0, 0, 0) end: 0000-00-00 None status 
Gong Guanghua  (2015, 3, 18, 0, 0, 0) (2006, 2, 13, 0, 0, 0) True
start: 38761.0 (2006, 2, 13, 0, 0, 0) safe: (2015, 3, 18, 0, 0, 0) end: 0000-00-00 None status 
Gong Hui  (2015, 3, 18, 0, 0, 0) (2006, 2, 13, 0, 0, 0) True
start: 38761.0 (2006, 2, 13, 0, 0, 0) safe: (2015, 3, 18, 0, 0, 0) end: 0000-00-00 None status 
Guo Lei  (2015, 3, 18, 0, 0, 0) (2006, 2, 13, 0, 0, 0) True
start: 41901.0 (2014, 9, 19, 0, 0, 0) safe: (2015, 3, 18, 0, 0, 0) end: 0000-00-00 None status 
Guo Ziyi  (2015, 3, 18, 0, 0, 0) (2014, 9, 19, 0, 0, 0) True
start: 40787.0 (2011, 9, 1, 0, 0, 0) safe: (2015, 3, 18, 0, 0, 0) end: 0000-00-00 None status 
HUSSAIN GHULAM  (2015, 3, 18, 0, 0, 0) (2011, 9, 1, 0, 0, 0) True
start: 38761.0 (2006, 2, 13, 0, 0, 0) safe: (2015, 3, 18, 0, 0, 0) end: 0000-00-00 None status 
Lebanowski Logan  (2015, 3, 18, 0, 0, 0) (2006, 2, 13, 0, 0, 0) True
start: 41061.0 (2012, 6, 1, 0, 0, 0) safe: (2015, 3, 18, 0, 0, 0) end: 0000-00-00 None status former
Lebanwski Logan former (2015, 3, 18, 0, 0, 0) (2012, 6, 1, 0, 0, 0) False
Lebanwski Logan former dateSafe (2015, 3, 18, 0, 0, 0) REJECTED by status and/or date
start: 38761.0 (2006, 2, 13, 0, 0, 0) safe: (2015, 3, 18, 0, 0, 0) end: 0000-00-00 None status former
Liang Li former (2015, 3, 18, 0, 0, 0) (2006, 2, 13, 0, 0, 0) False
Liang Li former dateSafe (2015, 3, 18, 0, 0, 0) REJECTED by status and/or date
start: 40848.0 (2011, 11, 1, 0, 0, 0) safe: (2015, 3, 18, 0, 0, 0) end: 0000-00-00 None status 
Wang Zhe  (2015, 3, 18, 0, 0, 0) (2011, 11, 1, 0, 0, 0) True
start: 40544.0 (2011, 1, 1, 0, 0, 0) safe: (2015, 3, 18, 0, 0, 0) end: 0000-00-00 None status 
Wei Hanyu  (2015, 3, 18, 0, 0, 0) (2011, 1, 1, 0, 0, 0) True
start: 38761.0 (2006, 2, 13, 0, 0, 0) safe: (2015, 3, 18, 0, 0, 0) end: 0000-00-00 None status 
Xue Tao  (2015, 3, 18, 0, 0, 0) (2006, 2, 13, 0, 0, 0) True
start: 40909.0 (2012, 1, 1, 0, 0, 0) safe: (2015, 3, 18, 0, 0, 0) end: 0000-00-00 None status 
Zhang Yiming  (2015, 3, 18, 0, 0, 0) (2012, 1, 1, 0, 0, 0) True
start: 38761.0 (2006, 2, 13, 0, 0, 0) safe: (2015, 3, 18, 0, 0, 0) end: 0000-00-00 None status former
Zhong Ming former (2015, 3, 18, 0, 0, 0) (2006, 2, 13, 0, 0, 0) False
Zhong Ming former dateSafe (2015, 3, 18, 0, 0, 0) REJECTED by status and/or date
start: 38761.0 (2006, 2, 13, 0, 0, 0) safe: (2015, 3, 18, 0, 0, 0) end: 0000-00-00 None status former
Zhou Guiying former (2015, 3, 18, 0, 0, 0) (2006, 2, 13, 0, 0, 0) False
Zhou Guiying former dateSafe (2015, 3, 18, 0, 0, 0) REJECTED by status and/or date
start: 39794.0 (2008, 12, 12, 0, 0, 0) safe: (2015, 3, 18, 0, 0, 0) end: 0000-00-00 None status ib
Johnson Randy IB (2015, 3, 18, 0, 0, 0) (2008, 12, 12, 0, 0, 0) True
start: 41872.0 (2014, 8, 21, 0, 0, 0) safe: (2015, 3, 18, 0, 0, 0) end: 0000-00-00 None status 
Kohn Sam  (2015, 3, 18, 0, 0, 0) (2014, 8, 21, 0, 0, 0) True
start: 38761.0 (2006, 2, 13, 0, 0, 0) safe: (2015, 3, 18, 0, 0, 0) end: 0000-00-00 None status ib,eb,sp,l1
Luk Kam-Biu IB,EB,SP,L1 (2015, 3, 18, 0, 0, 0) (2006, 2, 13, 0, 0, 0) True
start: 38761.0 (2006, 2, 13, 0, 0, 0) safe: (2015, 3, 18, 0, 0, 0) end: 0000-00-00 None status 
Steiner Herb  (2015, 3, 18, 0, 0, 0) (2006, 2, 13, 0, 0, 0) True
start: 40749.0 (2011, 7, 25, 0, 0, 0) safe: (2015, 3, 18, 0, 0, 0) end: 0000-00-00 None status 
Wong Hin-Lok Henoch  (2015, 3, 18, 0, 0, 0) (2011, 7, 25, 0, 0, 0) True
start: 41883.0 (2014, 9, 1, 0, 0, 0) safe: (2015, 3, 18, 0, 0, 0) end: 0000-00-00 None status 
Higuera Aaron  (2015, 3, 18, 0, 0, 0) (2014, 9, 1, 0, 0, 0) True
start: 38761.0 (2006, 2, 13, 0, 0, 0) safe: (2015, 3, 18, 0, 0, 0) end: 0000-00-00 None status ib
Lau Kwong IB (2015, 3, 18, 0, 0, 0) (2006, 2, 13, 0, 0, 0) True
start: 41182.0 (2012, 9, 30, 0, 0, 0) safe: (2015, 3, 18, 0, 0, 0) end: 42275.0 (2019, 9, 29, 0, 0, 0) status former
Liu Dawei former (2015, 3, 18, 0, 0, 0) (2012, 9, 30, 0, 0, 0) True
start: 41153.0 (2012, 9, 1, 0, 0, 0) safe: (2015, 3, 18, 0, 0, 0) end: 0000-00-00 None status 
Mitchell Ian  (2015, 3, 18, 0, 0, 0) (2012, 9, 1, 0, 0, 0) True
start: 38761.0 (2006, 2, 13, 0, 0, 0) safe: (2015, 3, 18, 0, 0, 0) end: 0000-00-00 None status 
Pinsky Larry  (2015, 3, 18, 0, 0, 0) (2006, 2, 13, 0, 0, 0) True
start: 40771.0 (2011, 8, 16, 0, 0, 0) safe: (2015, 3, 18, 0, 0, 0) end: 0000-00-00 None status 
Whitehead Lisa  (2015, 3, 18, 0, 0, 0) (2011, 8, 16, 0, 0, 0) True
start: 42065.0 (2015, 3, 2, 0, 0, 0) safe: (2015, 3, 18, 0, 0, 0) end: 0000-00-00 None status 
Ye Ziping  (2015, 3, 18, 0, 0, 0) (2015, 3, 2, 0, 0, 0) True
NO PUBLICATION NAME FOR FamilyName Ye GivenName Ziping of UH . Edit ../list_with_pubnames.xls to add this name
start: 41897.0 (2014, 9, 15, 0, 0, 0) safe: (2015, 3, 18, 0, 0, 0) end: 0000-00-00 None status 
Dove Jason  (2015, 3, 18, 0, 0, 0) (2014, 9, 15, 0, 0, 0) True
start: 40940.0 (2012, 2, 1, 0, 0, 0) safe: (2015, 3, 18, 0, 0, 0) end: 0000-00-00 None status 
Huang En-Chuan  (2015, 3, 18, 0, 0, 0) (2012, 2, 1, 0, 0, 0) True
start: 41548.0 (2013, 10, 1, 0, 0, 0) safe: (2015, 3, 18, 0, 0, 0) end: 42217.0 (2019, 8, 2, 0, 0, 0) status 
Ling Jiajie  (2015, 3, 18, 0, 0, 0) (2013, 10, 1, 0, 0, 0) True
start: 38761.0 (2006, 2, 13, 0, 0, 0) safe: (2015, 3, 18, 0, 0, 0) end: 0000-00-00 None status ib
Peng Jen-Chieh IB (2015, 3, 18, 0, 0, 0) (2006, 2, 13, 0, 0, 0) True
start: 38761.0 (2006, 2, 13, 0, 0, 0) safe: (2015, 3, 18, 0, 0, 0) end: 0000-00-00 None status former
Polly Chris former (2015, 3, 18, 0, 0, 0) (2006, 2, 13, 0, 0, 0) False
Polly Chris former dateSafe (2015, 3, 18, 0, 0, 0) REJECTED by status and/or date
start: 41897.0 (2014, 9, 15, 0, 0, 0) safe: (2015, 3, 18, 0, 0, 0) end: 0000-00-00 None status 
Huo Wenju  (2015, 3, 18, 0, 0, 0) (2014, 9, 15, 0, 0, 0) True
start: 41153.0 (2012, 9, 1, 0, 0, 0) safe: (2015, 3, 18, 0, 0, 0) end: 0000-00-00 None status 
Li Dengjie  (2015, 3, 18, 0, 0, 0) (2012, 9, 1, 0, 0, 0) True
start: 38761.0 (2006, 2, 13, 0, 0, 0) safe: (2015, 3, 18, 0, 0, 0) end: 0000-00-00 None status 
Liang Hao  (2015, 3, 18, 0, 0, 0) (2006, 2, 13, 0, 0, 0) True
start: 38761.0 (2006, 2, 13, 0, 0, 0) safe: (2015, 3, 18, 0, 0, 0) end: 0000-00-00 None status ib
Zhang Ziping IB (2015, 3, 18, 0, 0, 0) (2006, 2, 13, 0, 0, 0) True
start: 40763.0 (2011, 8, 8, 0, 0, 0) safe: (2015, 3, 18, 0, 0, 0) end: 42248.0 (2019, 9, 2, 0, 0, 0) status former
Zhou Nan former (2015, 3, 18, 0, 0, 0) (2011, 8, 8, 0, 0, 0) True
start: 38761.0 (2006, 2, 13, 0, 0, 0) safe: (2015, 3, 18, 0, 0, 0) end: 42277.0 (2019, 10, 1, 0, 0, 0) status 
Hor Joseph  (2015, 3, 18, 0, 0, 0) (2006, 2, 13, 0, 0, 0) True
start: 40008.0 (2009, 7, 14, 0, 0, 0) safe: (2015, 3, 18, 0, 0, 0) end: 0000-00-00 None status 
Huber Patrick  (2015, 3, 18, 0, 0, 0) (2009, 7, 14, 0, 0, 0) True
start: 41003.0 (2012, 4, 4, 0, 0, 0) safe: (2015, 3, 18, 0, 0, 0) end: 42338.0 (2019, 12, 1, 0, 0, 0) status 
Jaffke Patrick  (2015, 3, 18, 0, 0, 0) (2012, 4, 4, 0, 0, 0) True
start: 41640.0 (2014, 1, 1, 0, 0, 0) safe: (2015, 3, 18, 0, 0, 0) end: 0000-00-00 None status 
Li Sheng Chao  (2015, 3, 18, 0, 0, 0) (2014, 1, 1, 0, 0, 0) True
start: 38761.0 (2006, 2, 13, 0, 0, 0) safe: (2015, 3, 18, 0, 0, 0) end: 0000-00-00 None status ib,l3
Link Jonathan IB,L3 (2015, 3, 18, 0, 0, 0) (2006, 2, 13, 0, 0, 0) True
start: 41852.0 (2014, 8, 1, 0, 0, 0) safe: (2015, 3, 18, 0, 0, 0) end: 0000-00-00 None status 
Park Jaewon  (2015, 3, 18, 0, 0, 0) (2014, 8, 1, 0, 0, 0) True
start: 38991.0 (2006, 10, 1, 0, 0, 0) safe: (2015, 3, 18, 0, 0, 0) end: 0000-00-00 None status ib
Balantekin A. Baha IB (2015, 3, 18, 0, 0, 0) (2006, 10, 1, 0, 0, 0) True
start: 38991.0 (2006, 10, 1, 0, 0, 0) safe: (2015, 3, 18, 0, 0, 0) end: 0000-00-00 None status 
Cherwinka Jeff  (2015, 3, 18, 0, 0, 0) (2006, 10, 1, 0, 0, 0) True
start: 38991.0 (2006, 10, 1, 0, 0, 0) safe: (2015, 3, 18, 0, 0, 0) end: 42278.0 (2019, 10, 2, 0, 0, 0) status 
Wise Thomas S.  (2015, 3, 18, 0, 0, 0) (2006, 10, 1, 0, 0, 0) True
start: 41061.0 (2012, 6, 1, 0, 0, 0) safe: (2015, 3, 18, 0, 0, 0) end: 0000-00-00 None status ib,eb,l2
McKeown Robert D. IB,EB,L2 (2015, 3, 18, 0, 0, 0) (2012, 6, 1, 0, 0, 0) True
start: 40668.0 (2011, 5, 5, 0, 0, 0) safe: (2015, 3, 18, 0, 0, 0) end: 0000-00-00 None status former
Wang Wei former (2015, 3, 18, 0, 0, 0) (2011, 5, 5, 0, 0, 0) True
start: 41153.0 (2012, 9, 1, 0, 0, 0) safe: (2015, 3, 18, 0, 0, 0) end: 0000-00-00 None status former
Zhao Yanfei former (2015, 3, 18, 0, 0, 0) (2012, 9, 1, 0, 0, 0) True
start: 41883.0 (2014, 9, 1, 0, 0, 0) safe: (2015, 3, 18, 0, 0, 0) end: 42248.0 (2019, 9, 2, 0, 0, 0) status 
Lv Zhipeng  (2015, 3, 18, 0, 0, 0) (2014, 9, 1, 0, 0, 0) True
start: 41110.0 (2012, 7, 20, 0, 0, 0) safe: (2015, 3, 18, 0, 0, 0) end: 42186.0 (2019, 7, 2, 0, 0, 0) status 
Yan Jun  (2015, 3, 18, 0, 0, 0) (2012, 7, 20, 0, 0, 0) True
start: 41110.0 (2012, 7, 20, 0, 0, 0) safe: (2015, 3, 18, 0, 0, 0) end: 0000-00-00 None status ib
Zhang Qingmin IB (2015, 3, 18, 0, 0, 0) (2012, 7, 20, 0, 0, 0) True
start: 41548.0 (2013, 10, 1, 0, 0, 0) safe: (2015, 3, 18, 0, 0, 0) end: 0000-00-00 None status 
Band Henry  (2015, 3, 18, 0, 0, 0) (2013, 10, 1, 0, 0, 0) True
start: 41467.0 (2013, 7, 12, 0, 0, 0) safe: (2015, 3, 18, 0, 0, 0) end: 0000-00-00 None status ib,eb,l2
Heeger Karsten IB,EB,L2 (2015, 3, 18, 0, 0, 0) (2013, 7, 12, 0, 0, 0) True
start: 41579.0 (2013, 11, 1, 0, 0, 0) safe: (2015, 3, 18, 0, 0, 0) end: 0000-00-00 None status 
Langford Thomas  (2015, 3, 18, 0, 0, 0) (2013, 11, 1, 0, 0, 0) True
start: 42064.0 (2015, 3, 1, 0, 0, 0) safe: (2015, 3, 18, 0, 0, 0) end: 0000-00-00 None status 
Cheng Zhaokan  (2015, 3, 18, 0, 0, 0) (2015, 3, 1, 0, 0, 0) True
NO PUBLICATION NAME FOR FamilyName Cheng GivenName Zhaokan of ZSU . Edit ../list_with_pubnames.xls to add this name
start: 38761.0 (2006, 2, 13, 0, 0, 0) safe: (2015, 3, 18, 0, 0, 0) end: 0000-00-00 None status 
Li Zhibing  (2015, 3, 18, 0, 0, 0) (2006, 2, 13, 0, 0, 0) True
start: 38761.0 (2006, 2, 13, 0, 0, 0) safe: (2015, 3, 18, 0, 0, 0) end: 0000-00-00 None status 
Ling Jiajie  (2015, 3, 18, 0, 0, 0) (2006, 2, 13, 0, 0, 0) True
start: 41883.0 (2014, 9, 1, 0, 0, 0) safe: (2015, 3, 18, 0, 0, 0) end: 0000-00-00 None status ib
Wang Wei IB (2015, 3, 18, 0, 0, 0) (2014, 9, 1, 0, 0, 0) True
start: 38761.0 (2006, 2, 13, 0, 0, 0) safe: (2015, 3, 18, 0, 0, 0) end: 0000-00-00 None status 
Wong Steven Chan-Fai  (2015, 3, 18, 0, 0, 0) (2006, 2, 13, 0, 0, 0) True
start: 42036.0 (2015, 2, 1, 0, 0, 0) safe: (2015, 3, 18, 0, 0, 0) end: 0000-00-00 None status 
Xu Yu  (2015, 3, 18, 0, 0, 0) (2015, 2, 1, 0, 0, 0) True
NO PUBLICATION NAME FOR FamilyName Xu GivenName Yu of ZSU . Edit ../list_with_pubnames.xls to add this name
start: 40695.0 (2011, 6, 1, 0, 0, 0) safe: (2015, 3, 18, 0, 0, 0) end: 0000-00-00 None status 
Zhang Honghao  (2015, 3, 18, 0, 0, 0) (2011, 6, 1, 0, 0, 0) True
start: 38761.0 (2006, 2, 13, 0, 0, 0) safe: (2015, 3, 18, 0, 0, 0) end: 0000-00-00 None status 
Zhang Yumei  (2015, 3, 18, 0, 0, 0) (2006, 2, 13, 0, 0, 0) True

Using extra_authors_and_affiliations.txt to add authors and/or affiliations

addAuthorsAndAffiliations: Action ADD IndexName Heeger Karsten M.
addAuthorsAndAffiliations: Action ADD IndexName Blyth Simon
addAuthorsAndAffiliations: Action ADD IndexName Olshevski Alexandr
addAuthorsAndAffiliations: Action ADD IndexName Kramer Matt
addAuthorsAndAffiliations: Action ADD IndexName Luk Kam-Biu
addAuthorsAndAffiliations: Action ADD IndexName Steiner Herb
addAuthorsAndAffiliations: Action ADD IndexName Wong Hin-Lok Henoch
addAuthorsAndAffiliations: Action ADD IndexName Grassi Marco
addAuthorsAndAffiliations: Action ADD IndexName Wang Wei
addAuthorsAndAffiliations: Action ADD IndexName Xia Dongmei
addAuthorsAndAffiliations: Action ADD IndexName Tang Wei
addAuthorsAndAffiliations: Action ADD IndexName Hu Bei-Zhen
addAuthorsAndAffiliations: Action ADD IndexName Ji Xiangpan
addAuthorsAndAffiliations: Action ADD IndexName Littlejohn Bryce
addAuthorsAndAffiliations: Action ADD IndexName Xia Dongmei
addAuthorsAndAffiliations: Action ADD IndexName Lu Jiashu
addAuthorsAndAffiliations: Action ADD IndexName Taychenachev Dmitriy
addAuthorsAndAffiliations: Action ADD IndexName Higuera Aaron
addAuthorsAndAffiliations: Action ADD IndexName Martinez David
addAuthorsAndAffiliations: Action ADD IndexName Park Jaewon
addAuthorsAndAffiliations: Action ADD IndexName Kohn Sam
addAuthorsAndAffiliations: Action ADD IndexName Dove Jason
addAuthorsAndAffiliations: Action ADD IndexName Wang Wei
addAuthorsAndAffiliations: Action ADD IndexName Joshi Jyoti
addAuthorsAndAffiliations: Action ADD IndexName Mooney Michael
addAuthorsAndAffiliations: Action REMOVE IndexName Nemchenok Igor
addAuthorsAndAffiliations: Action REMOVE IndexName Cherwinka Jeff
addAuthorsAndAffiliations: Remove Inst BNL from Cherwinka Jeff
addAuthorsAndAffiliations: Action REMOVE IndexName Napolitano Jim
addAuthorsAndAffiliations: Action REMOVE IndexName Gornushkin Yuri A.
addAuthorsAndAffiliations: Action REMOVE IndexName Hu Bei-Zhen
addAuthorsAndAffiliations: Action REMOVE IndexName Zhao Yanfei
addAuthorsAndAffiliations: Remove Inst WM from Zhao Yanfei
addAuthorsAndAffiliations: Action REMOVE IndexName Heeger Karsten
addAuthorsAndAffiliations: Action REMOVE IndexName Heeger Karsten
addAuthorsAndAffiliations: Remove Inst Yale from Heeger Karsten
addAuthorsAndAffiliations: Action REMOVE IndexName Alexandr Olshevski
addAuthorsAndAffiliations: Action REMOVE IndexName Soeren Jetter
Zhang Shuhua of IHEP REJECTED
Butorov Ilya of Dubna REJECTED
Xin Biao of CIAE REJECTED
Zhang Feihong of IHEP REJECTED
Polly Chris of UIUC REJECTED
Liu Yingbiao of IHEP REJECTED
Tsang Raymond Hei-Man of CalTech REJECTED
Nemchenok Igor of Dubna REJECTED
Zhang Hongshan Kevin of BNL REJECTED
Xi Donghe of DGUT REJECTED
Zhong Ming of TsingHua REJECTED
Wang Ning of DGUT REJECTED
Yu Mitchell of SJTU REJECTED
Yang Xuzu of IHEP REJECTED
Hor Joseph Yuen-Keung of CUHK REJECTED
Huang hanxiong of BNL REJECTED
Loh Zhangwei of NJU REJECTED
Hussain Ghulam of BNL REJECTED
Liang Li of TsingHua REJECTED
Li Jin of IHEP REJECTED
Fu Zaiwei of BNL REJECTED
Yuan Huaqian of DGUT REJECTED
He lei of IHEP REJECTED
Zhou Guiying of TsingHua REJECTED
Mauger Christopher of CalTech REJECTED
Xia Jinkai of IHEP REJECTED
Gao Qingwei of IHEP REJECTED
Pan Hsiao-Ju of NTU REJECTED
Iwamoto Konosuke of RPI REJECTED
Cai Bei of SJTU REJECTED
Deng Junling of IHEP REJECTED
Li Kelvin of BNL REJECTED
Li Sibin of IHEP REJECTED
Yan Xiongbo of IHEP REJECTED
Tian Xinchun of IHEP REJECTED
Wang Lingyu of IHEP REJECTED
Xu Jun of IHEP REJECTED
Xiao Dongmei of IHEP REJECTED
Ngan Sze-yuen Jacky of CUHK REJECTED
Zhou Zuying of CIAE REJECTED
Boddy Kimberly of CalTech REJECTED
Lebanwski Logan of TsingHua REJECTED
Wang Genyi of IHEP REJECTED
Song Yue of DGUT REJECTED
Frank Jim of BNL REJECTED
Zhang Xiao of RPI REJECTED
Wilhelmi James of RPI REJECTED
Sun Yaxuan of IHEP REJECTED
Chen Shenjian of NJU REJECTED
Remove Heeger Karsten with Publication Name K.~Heeger because s/he has no affiliation
IndexName                      PublicationName      Institution1         Institution2         Institution3        
AN Fengpeng                    F.~P.~An             ECUST                                                         
Balantekin A. Baha             A.~B.~Balantekin     Wisconsin                                                     
Band Henry                     H.~R.~Band           Yale                                                          
Bishai Mary                    M.~Bishai            BNL                                                           
Blyth Simon                    S.~Blyth             NTU                  NUU                                      
Cao Dewen                      D.~Cao               NJU                                                           
Cao Guofu                      G.~F.~Cao            IHEP                                                          
Cao Jun                        J.~Cao               IHEP                                                          
Cen Wuron                      W.~R.~Cen            IHEP                                                          
Chan Yat Long                  Y.~L.~Chan           CUHK                                                          
Chang Jinfan                   J.~F.~Chang          IHEP                                                          
Chang Li-Chu                   L.~C.~Chang          NCTU                                                          
Chang Yun                      Y.~Chang             NUU                                                           
Chen Hesheng                   H.~S.~Chen           IHEP                                                          
Chen Quanyou                   Q.~Y.~Chen           SDU                                                           
Chen Shaomin                   S.~M.~Chen           TsingHua                                                      
Chen Yixue                     Y.~X.~Chen           NCEPU                                                         
Chen Yu                        Y.~Chen              SZU                                                           
Cheng Chia-Hua                 J.~H.~Cheng          NCTU                                                          
Cheng Jia-Hua                  None                 NCTU                                                          
Cheng Jie                      J.~Cheng             SDU                                                           
Cheng Yaping                   Y.~P.~Cheng          IHEP                                                          
Cheng Zhaokan                  None                 ZSU                                                           
Cherwinka Jeff                 J.~J.~Cherwinka      Wisconsin                                                     
Chu Ming-Chung                 M.~C.~Chu            CUHK                                                          
Chukanov Artem                 None                 BNL                  Dubna                                    
Cummings John                  J.~P.~Cummings       Siena                                                         
de Arcos Jose                  J.~de Arcos          IIT                                                           
Deng Ziyan                     Z.~Y.~Deng           IHEP                                                          
Ding Xuefeng                   X.~F.~Ding           IHEP                                                          
Ding Yayun                     Y.~Y.~Ding           IHEP                                                          
Diwan Milind                   M.~V.~Diwan          BNL                                                           
Dolgareva Maria                None                 Dubna                                                         
Dove Jason                     J.~Dove              UIUC                                                          
Dwyer Dan                      D.~A.~Dwyer          LBNL                                                          
Edwards Bill                   W.~R.~Edwards        LBNL                                                          
Gill Ron                       R.~Gill              BNL                                                           
GONCHAR Maxim                  M.~Gonchar           Dubna                                                         
Gong Guanghua                  G.~H.~Gong           TsingHua                                                      
Gong Hui                       H.~Gong              TsingHua                                                      
Grassi Marco                   M.~Grassi            IHEP                                                          
Gu Wenqiang                    W.~Q.~Gu             SJTU                                                          
Guan Mengyun                   M.~Y.~Guan           IHEP                                                          
Guo Lei                        L.~Guo               TsingHua                                                      
Guo Rupan                      R.~P.~Guo            IHEP                                                          
Guo Xinheng                    X.~H.~Guo            BNU                                                           
Guo Ziyi                       Z.~Guo               TsingHua                                                      
Hackenburg Robert              R.~W.~Hackenburg     BNL                                                           
Han Ran                        R.~Han               NCEPU                                                         
Hans Sunej                     S.~Hans              BNL                                                           
He Miao                        M.~He                IHEP                                                          
Heeger Karsten M.              K.~M.~Heeger         Yale                                                          
Heng Yuekun                    Y.~K.~Heng           IHEP                                                          
Higuera Aaron                  A.~Higuera           UH                                                            
Hor Joseph                     Y.~K.~Hor            VirginiaTech                                                  
Hsiung Yee                     Y.~B.~Hsiung         NTU                                                           
Hu Bei-Zhen                    B.~Z.~Hu             NTU                                                           
Hu Tao                         T.~Hu                IHEP                                                          
Hu Wei                         W.~Hu                IHEP                                                          
Huang En-Chuan                 E.~C.~Huang          UIUC                                                          
Huang Hanxiong                 H.~X.~Huang          CIAE                                                          
Huang Xingtao                  X.~T.~Huang          SDU                                                           
Huber Patrick                  P.~Huber             VirginiaTech                                                  
Huo Wenju                      W.~Huo               USTC                                                          
HUSSAIN GHULAM                 G.~Hussain           TsingHua                                                      
Jaffe David                    D.~E.~Jaffe          BNL                                                           
Jaffke Patrick                 P.~Jaffke            VirginiaTech                                                  
Jen Kou-Lun                    K.~L.~Jen            NCTU                                                          
Jetter Soeren                  S.~Jetter            IHEP                                                          
Ji Xiangpan                    X.~P.~Ji             NanKai               TsingHua                                 
Ji Xiaolu                      X.~L.~Ji             IHEP                                                          
Jiao Jianbin                   J.~B.~Jiao           SDU                                                           
Johnson Randy                  R.~A.~Johnson        UC                                                            
Joshi Jyoti                    J.~Joshi             BNL                                                           
Kang Li                        L.~Kang              DGUT                                                          
Kettell Steve                  S.~H.~Kettell        BNL                                                           
Kohn Sam                       S.~Kohn              UCB                                                           
Kramer Matt                    M.~Kramer            LBNL                 UCB                                      
Kwan Kin-Keung                 K.~K.~Kwan           CUHK                                                          
Kwok Man-wai Raymond           M.~W.~Kwok           CUHK                                                          
Kwok Talent                    T.~Kwok              HKU                                                           
Langford Thomas                T.~J.~Langford       Yale                                                          
Lau Kwong                      K.~Lau               UH                                                            
Lebanowski Logan               L.~Lebanowski        TsingHua                                                      
Lee Jason                      J.~Lee               LBNL                                                          
Lee Jenny H.C.                 None                 HKU                                                           
Lei Ruiting                    R.~T.~Lei            DGUT                                                          
Leitner Rupert                 R.~Leitner           Charles                                                       
Li Chao                        C.~Li                SDU                                                           
Li Dengjie                     D.~J.~Li             USTC                                                          
Li Fei                         F.~Li                IHEP                                                          
Li Gaosong                     G.~S.~Li             SJTU                                                          
Li Qiuju                       Q.~J.~Li             IHEP                                                          
Li Shanfeng                    S.~Li                DGUT                                                          
Li Sheng Chao                  S.~C.~Li             HKU                  VirginiaTech                             
Li Weidong                     W.~D.~Li             IHEP                                                          
Li Xiaonan                     X.~N.~Li             IHEP                                                          
Li Yufeng                      Y.~F.~Li             IHEP                                                          
Li Zhibing                     Z.~B.~Li             ZSU                                                           
Liang Hao                      H.~Liang             USTC                                                          
Lin Cheng-Ju                   C.~J.~Lin            LBNL                                                          
Lin Guey-Lin                   G.~L.~Lin            NCTU                                                          
Lin Shengxin                   S.~Lin               DGUT                                                          
Lin Yu-Cheng                   None                 NTU                                                           
Ling Jiajie                    J.~J.~Ling           BNL                  UIUC                 ZSU                 
Link Jonathan                  J.~M.~Link           VirginiaTech                                                  
Littenberg Laurence            L.~Littenberg        BNL                                                           
Littlejohn Bryce               B.~R.~Littlejohn     IIT                                                           
Liu Dawei                      D.~W.~Liu            UH                                                            
Liu JiaJian                    None                 HKU                                                           
Liu Jianglai                   J.~L.~Liu            SJTU                                                          
Liu Jinchang                   J.~C.~Liu            IHEP                                                          
LOH Chang Wei                  None                 NJU                                                           
Lu Changguo                    C.~Lu                Princeton                                                     
Lu Haoqi                       H.~Q.~Lu             IHEP                                                          
Lu Jiashu                      J.~S.~Lu             IHEP                                                          
Luk Kam-Biu                    K.~B.~Luk            UCB                  LBNL                                     
Lv Zhipeng                     Z.~Lv                XJTU                                                          
Ma Qiumei                      Q.~M.~Ma             IHEP                                                          
Ma Xiaoyan                     X.~Y.~Ma             IHEP                                                          
Ma Xubo                        X.~B.~Ma             NCEPU                                                         
Ma Yuqian                      Y.~Q.~Ma             IHEP                                                          
Malyshkin Yury                 None                 CUC                                                           
Martinez David                 D.~A.~Martinez Caicedo IIT                                                           
McDonald Kirk                  K.~T.~McDonald       Princeton                                                     
McKeown Robert D.              R.~D.~McKeown        CalTech              WM                                       
Mitchell Ian                   I.~Mitchell          UH                                                            
Mooney Michael                 M.~Mooney            BNL                                                           
Nakajima Yasuhiro              Y.~Nakajima          LBNL                                                          
Napolitano Jim                 J.~Napolitano        TempleUniversity                                              
Naumov Dmitry                  D.~Naumov            Dubna                                                         
Naumova Elena                  E.~Naumova           Dubna                                                         
Ngai Jimmy                     H.~Y.~Ngai           HKU                                                           
Ning Zhe                       Z.~Ning              IHEP                                                          
Ochoa Pedro                    J.~P.~Ochoa-Ricoux   CUC                                                           
Olshevski Alexandr             A.~Olshevskiy        Dubna                                                         
OLSHEVSKIY Alexander           A.~Olshevskiy        Dubna                                                         
Pan Hsiao-Ru                   H.-R.~Pan            NTU                                                           
Park Jaewon                    J.~Park              VirginiaTech                                                  
Patton Simon                   S.~Patton            LBNL                                                          
Pec Viktor                     V.~Pec               Charles                                                       
Peng Jen-Chieh                 J.~C.~Peng           UIUC                                                          
Pinsky Larry                   L.~Pinsky            UH                                                            
Pun Jason C.S.                 C.~S.~J.~Pun         HKU                                                           
Qi Fazhi                       F.~Z.~Qi             IHEP                                                          
Qi Ming                        M.~Qi                NJU                                                           
Qian Xin                       X.~Qian              BNL                                                           
Raper Neill                    N.~Raper             RPI                                                           
REN Jie                        J.~Ren               CIAE                                                          
Rosero Richard                 R.~Rosero            BNL                                                           
Roskovec Bedrich               B.~Roskovec          Charles                                                       
Ruan Xichao                    X.~C.~Ruan           CIAE                                                          
Steiner Herb                   H.~Steiner           UCB                  LBNL                                     
Sun Gongxin                    G.~X.~Sun            IHEP                                                          
Sun Jiliang                    J.~L.~Sun            CGNPG                                                         
Tang Wei                       W.~Tang              BNL                                                           
Taychenachev Dmitriy           D.~Taychenachev      Dubna                                                         
Treskov Konstantin             None                 Dubna                                                         
Tsang Patrick                  K.~V.~Tsang          LBNL                                                          
Tull Craig E.                  C.~E.~Tull           LBNL                                                          
Viaux Maira Nicolas            N.~Viaux             CUC                                                           
Viren Brett                    B.~Viren             BNL                                                           
Vorobel Vit                    V.~Vorobel           Charles                                                       
Wang Chung-Hsiang              C.~H.~Wang           NUU                                                           
Wang Meng                      M.~Wang              SDU                                                           
Wang Naiyan                    N.~Y.~Wang           BNU                                                           
Wang Ruiguang                  R.~G.~Wang           IHEP                                                          
Wang Wei                       W.~Wang              WM                   ZSU                                      
Wang Wen-wen                   W.~W.~Wang           NJU                                                           
Wang Xi                        X.~Wang              NUDT                                                          
Wang Yifang                    Y.~F.~Wang           IHEP                                                          
Wang Zhe                       Z.~Wang              TsingHua                                                      
Wang Zheng                     Z.~Wang              IHEP                                                          
Wang Zhimin                    Z.~M.~Wang           IHEP                                                          
Wei Hanyu                      H.~Y.~Wei            TsingHua                                                      
Wen Liangjian                  L.~J.~Wen            IHEP                                                          
Whisnant Kerry                 K.~Whisnant          IowaState                                                     
White Christopher              C.~G.~White          IIT                                                           
Whitehead Lisa                 L.~Whitehead         UH                                                            
Wise Thomas S.                 T.~Wise              Wisconsin                                                     
Wong Hin-Lok Henoch            H.~L.~H.~Wong        UCB                  LBNL                                     
Wong Steven Chan-Fai           S.~C.~F.~Wong        ZSU                                                           
Worcester Elizabeth            E.~Worcester         BNL                                                           
Wu Chia-Hao                    C.-H.~Wu             NCTU                                                          
Wu Qun                         Q.~Wu                SDU                                                           
Xia Dongmei                    D.~M.~Xia            CQU                  IHEP                                     
Xia Jingkai                    J.~K.~Xia            IHEP                                                          
Xing Zhizhong                  Z.~Z.~Xing           IHEP                                                          
Xu Jianyi                      J.~Y.~Xu             CUHK                                                          
Xu Jilei                       J.~L.~Xu             IHEP                                                          
Xu Jing                        J.~Xu                BNU                                                           
Xu Yu                          None                 ZSU                                                           
Xue Tao                        T.~Xue               TsingHua                                                      
Yan Jun                        J.~Yan               XJTU                                                          
Yang Changgen                  C.~G.~Yang           IHEP                                                          
Yang Haibo                     None                 NJU                                                           
Yang Lei                       L.~Yang              DGUT                                                          
Yang Masheng                   M.~S.~Yang           IHEP                                                          
Yang Mengting                  M.~T.~Yang           SDU                                                           
Ye Mei                         M.~Ye                IHEP                                                          
Ye Ziping                      None                 UH                                                            
Yeh Minfang                    M.~Yeh               BNL                                                           
Young Bing-Lin                 B.~L.~Young          IowaState                                                     
Yu Guang-you                   G.~Y.~Yu             NJU                                                           
Yu Zeyuan                      Z.~Y.~Yu             IHEP                                                          
Zhan Liang                     L.~Zhan              IHEP                                                          
Zhang Chao                     C.~Zhang             BNL                                                           
Zhang Honghao                  H.~H.~Zhang          ZSU                                                           
Zhang Jiawen                   J.~W.~Zhang          IHEP                                                          
Zhang Qingmin                  Q.~M.~Zhang          XJTU                                                          
Zhang Xuantong                 X.~T.~Zhang          IHEP                                                          
Zhang Yiming                   Y.~M.~Zhang          TsingHua                                                      
Zhang Yixin                    Y.~X.~Zhang          CGNPG                                                         
Zhang Yumei                    Y.~M.~Zhang          ZSU                                                           
Zhang Zhijian                  Z.~J.~Zhang          DGUT                                                          
Zhang Zhiyong                  Z.~Y.~Zhang          IHEP                                                          
Zhang Ziping                   Z.~P.~Zhang          USTC                                                          
Zhao Jie                       J.~Zhao              IHEP                                                          
Zhao Qiwang                    Q.~W.~Zhao           IHEP                                                          
Zhao Yanfei                    Y.~F.~Zhao           NCEPU                                                         
Zhao Yubin                     Y.~B.~Zhao           IHEP                                                          
Zhong Weili                    W.~L.~Zhong          IHEP                                                          
Zhou Li                        L.~Zhou              IHEP                                                          
Zhou Nan                       N.~Zhou              USTC                                                          
Zhuang Honglin                 H.~L.~Zhuang         IHEP                                                          
Zou Jiaheng                    J.~H.~Zou            IHEP                                                          

Institutions: ECUST Wisconsin Yale BNL NTU NUU NJU IHEP CUHK NCTU SDU TsingHua NCEPU SZU ZSU Dubna Siena IIT UIUC LBNL SJTU BNU UH VirginiaTech CIAE USTC NanKai UC DGUT UCB HKU Charles Princeton XJTU CUC CalTech WM TempleUniversity RPI CGNPG NUDT IowaState CQU 

\address[\ECUST]{Institute of Modern Physics, East China University of Science and Technology, Shanghai}

\address[\IHEP]{Institute~of~High~Energy~Physics, Beijing}

\address[\Wisconsin]{University~of~Wisconsin, Madison, Wisconsin, USA}

\address[\Yale]{Department~of~Physics, Yale~University, New~Haven, Connecticut, USA}

\address[\BNL]{Brookhaven~National~Laboratory, Upton, New York, USA}

\address[\NTU]{Department of Physics, National~Taiwan~University, Taipei}

\address[\NUU]{National~United~University, Miao-Li}

\address[\Dubna]{Joint~Institute~for~Nuclear~Research, Dubna, Moscow~Region}

\address[\CalTech]{California~Institute~of~Technology, Pasadena, California, USA}

\address[\CUHK]{Chinese~University~of~Hong~Kong, Hong~Kong}

\address[\NCTU]{Institute~of~Physics, National~Chiao-Tung~University, Hsinchu}

\address[\NJU]{Nanjing~University, Nanjing}

\address[\TsingHua]{Department~of~Engineering~Physics, Tsinghua~University, Beijing}

\address[\SZU]{Shenzhen~University, Shenzhen}

\address[\NCEPU]{North~China~Electric~Power~University, Beijing}

\address[\Siena]{Siena~College, Loudonville, New York, USA}

\address[\IIT]{Department of Physics, Illinois~Institute~of~Technology, Chicago, Illinois, USA}

\address[\LBNL]{Lawrence~Berkeley~National~Laboratory, Berkeley, California, USA}

\address[\UIUC]{Department of Physics, University~of~Illinois~at~Urbana-Champaign, Urbana, Illinois, USA}

\address[\CDUT]{Chengdu~University~of~Technology, Chengdu}

\address[\RPI]{Department~of~Physics, Applied~Physics, and~Astronomy, Rensselaer~Polytechnic~Institute, Troy, New~York, USA}

%%%\address[\SJTU]{Shanghai~Jiao~Tong~University, Shanghai} %%%% 20151029 changed to new affiliation provided by Jianglai

\address[\SJTU]{Department of Physics and Astronomy, Shanghai Jiao Tong University, Shanghai Laboratory for Particle Physics and Cosmology, Shanghai}

\address[\BNU]{Beijing~Normal~University, Beijing}

\address[\WM]{College~of~William~and~Mary, Williamsburg, Virginia, USA}

\address[\Princeton]{Joseph Henry Laboratories, Princeton~University, Princeton, New~Jersey, USA}

\address[\VirginiaTech]{Center for Neutrino Physics, Virginia~Tech, Blacksburg, Virginia, USA}

\address[\CIAE]{China~Institute~of~Atomic~Energy, Beijing}

\address[\UCLA]{University~of~California, Los~Angeles, California, USA}

\address[\SDU]{Shandong~University, Jinan}

\address[\NanKai]{School of Physics, Nankai~University, Tianjin}

\address[\UC]{Department of Physics, University~of~Cincinnati, Cincinnati, Ohio, 